[ 2018-01-26T09:15:52+08:00 ] 192.168.4.206 /
INFO: [ app_init ] --START--
INFO: Run Behavior\BuildLiteBehavior [ RunTime:0.000032s ]
INFO: [ app_init ] --END-- [ RunTime:0.001173s ]
INFO: [ app_begin ] --START--
INFO: Run Behavior\ReadHtmlCacheBehavior [ RunTime:0.001400s ]
INFO: [ app_begin ] --END-- [ RunTime:0.001546s ]
SQL: SHOW COLUMNS FROM `eye_rescue` [ RunTime:0.0006s ]
SQL: SELECT `rescue_title`,`rescue_pic`,`rescue_source`,`rescue_intro`,`rescue_id` FROM `eye_rescue` ORDER BY rescue_time desc LIMIT 5   [ RunTime:0.0003s ]
SQL: SHOW COLUMNS FROM `eye_medart` [ RunTime:0.0005s ]
SQL: SELECT `medart_title`,`medart_id`,`medart_pic`,`medart_content` FROM `eye_medart` ORDER BY medart_time desc LIMIT 3   [ RunTime:0.0002s ]
SQL: SHOW COLUMNS FROM `eye_expert_user` [ RunTime:0.0007s ]
SQL: SELECT `expert_id`,`expert_realname`,`expert_pic`,`expert_job`,`expert_hospital`,`expert_brief`,`expert_time` FROM `eye_expert_user` ORDER BY expert_time desc LIMIT 4   [ RunTime:0.0003s ]
INFO: [ view_parse ] --START--
INFO: [ template_filter ] --START--
INFO: Run Behavior\ContentReplaceBehavior [ RunTime:0.000469s ]
INFO: [ template_filter ] --END-- [ RunTime:0.000592s ]
NOTIC: [8] Undefined index: eye_uid /www/Application/Runtime/Cache/Home/2a94b8bda04ff446dcedd42276fc99ee.php 第 56 行.
NOTIC: [8] Undefined index: expert_id /www/Application/Runtime/Cache/Home/2a94b8bda04ff446dcedd42276fc99ee.php 第 63 行.
NOTIC: [8] Undefined index: company_id /www/Application/Runtime/Cache/Home/2a94b8bda04ff446dcedd42276fc99ee.php 第 70 行.
INFO: Run Behavior\ParseTemplateBehavior [ RunTime:0.038795s ]
INFO: [ view_parse ] --END-- [ RunTime:0.038932s ]
INFO: [ view_filter ] --START--
INFO: Run Behavior\WriteHtmlCacheBehavior [ RunTime:0.002797s ]
INFO: [ view_filter ] --END-- [ RunTime:0.002879s ]
INFO: [ app_end ] --START--
INFO: Run Behavior\ShowPageTraceBehavior [ RunTime:0.001638s ]
INFO: [ app_end ] --END-- [ RunTime:0.001822s ]

[ 2018-01-26T09:42:01+08:00 ] 192.168.4.206 /index.php?m=Home&c=News&a=index
INFO: [ app_init ] --START--
INFO: Run Behavior\BuildLiteBehavior [ RunTime:0.000020s ]
INFO: [ app_init ] --END-- [ RunTime:0.000159s ]
INFO: [ app_begin ] --START--
INFO: Run Behavior\ReadHtmlCacheBehavior [ RunTime:0.000103s ]
INFO: [ app_begin ] --END-- [ RunTime:0.000191s ]
NOTIC: [8] Use of undefined constant eye_category - assumed 'eye_category' /www/Application/Home/Controller/NewsController.class.php 第 7 行.
SQL: SHOW COLUMNS FROM `eye_category` [ RunTime:0.0005s ]
SQL: SELECT * FROM `eye_category` WHERE ( category_sid = 1 ) ORDER BY category_num  [ RunTime:0.0004s ]
SQL: SHOW COLUMNS FROM `eye_tag` [ RunTime:0.0005s ]
SQL: SELECT * FROM `eye_tag` WHERE ( tag_sid = 1 ) ORDER BY tag_num  [ RunTime:0.0002s ]
SQL: SHOW COLUMNS FROM `eye_newsart` [ RunTime:0.0003s ]
SQL: SELECT `newsart_title`,`newsart_pic`,`newsart_time` FROM `eye_newsart` ORDER BY newsart_reading desc LIMIT 2   [ RunTime:0.0002s ]
SQL: SELECT * FROM `eye_newsart` ORDER BY newsart_time  [ RunTime:0.0001s ]
INFO: [ view_parse ] --START--
INFO: [ template_filter ] --START--
INFO: Run Behavior\ContentReplaceBehavior [ RunTime:0.000134s ]
INFO: [ template_filter ] --END-- [ RunTime:0.000216s ]
NOTIC: [8] Undefined index: eye_uid /www/Application/Runtime/Cache/Home/3e24b471de08a8366f7660bb176a5e74.php 第 57 行.
NOTIC: [8] Undefined index: expert_id /www/Application/Runtime/Cache/Home/3e24b471de08a8366f7660bb176a5e74.php 第 64 行.
NOTIC: [8] Undefined index: company_id /www/Application/Runtime/Cache/Home/3e24b471de08a8366f7660bb176a5e74.php 第 71 行.
INFO: Run Behavior\ParseTemplateBehavior [ RunTime:0.018577s ]
INFO: [ view_parse ] --END-- [ RunTime:0.018636s ]
INFO: [ view_filter ] --START--
INFO: Run Behavior\WriteHtmlCacheBehavior [ RunTime:0.000056s ]
INFO: [ view_filter ] --END-- [ RunTime:0.000092s ]
INFO: [ app_end ] --START--
INFO: Run Behavior\ShowPageTraceBehavior [ RunTime:0.000105s ]
INFO: [ app_end ] --END-- [ RunTime:0.000174s ]

[ 2018-01-26T09:42:03+08:00 ] 192.168.4.206 /index.php?m=Home&c=Ophtha&a=index
INFO: [ app_init ] --START--
INFO: Run Behavior\BuildLiteBehavior [ RunTime:0.000018s ]
INFO: [ app_init ] --END-- [ RunTime:0.000144s ]
INFO: [ app_begin ] --START--
INFO: Run Behavior\ReadHtmlCacheBehavior [ RunTime:0.000064s ]
INFO: [ app_begin ] --END-- [ RunTime:0.000116s ]
NOTIC: [8] Use of undefined constant eye_category - assumed 'eye_category' /www/Application/Home/Controller/OphthaController.class.php 第 7 行.
SQL: SHOW COLUMNS FROM `eye_category` [ RunTime:0.0005s ]
SQL: SELECT * FROM `eye_category` WHERE ( category_sid = 0 ) ORDER BY category_num  [ RunTime:0.0003s ]
SQL: SHOW COLUMNS FROM `eye_tag` [ RunTime:0.0004s ]
SQL: SELECT * FROM `eye_tag` WHERE ( tag_sid = 0 ) ORDER BY tag_num  [ RunTime:0.0002s ]
SQL: SHOW COLUMNS FROM `eye_medart` [ RunTime:0.0004s ]
SQL: SELECT `medart_id`,`medart_title`,`medart_pic`,`medart_time` FROM `eye_medart` ORDER BY medart_reading desc LIMIT 2   [ RunTime:0.0003s ]
SQL: SELECT `medart_id`,`medart_title`,`medart_time`,`medart_pic` FROM `eye_medart` ORDER BY medart_time  [ RunTime:0.0003s ]
NOTIC: [8] Undefined index: p /www/Application/Home/Controller/OphthaController.class.php 第 35 行.
SQL: SELECT * FROM `eye_medart` ORDER BY medart_time LIMIT 0,5   [ RunTime:0.0002s ]
SQL: SELECT COUNT(*) AS tp_count FROM `eye_medart` LIMIT 1   [ RunTime:0.0002s ]
INFO: [ view_parse ] --START--
INFO: [ template_filter ] --START--
INFO: Run Behavior\ContentReplaceBehavior [ RunTime:0.000156s ]
INFO: [ template_filter ] --END-- [ RunTime:0.000239s ]
NOTIC: [8] Undefined index: eye_uid /www/Application/Runtime/Cache/Home/51769fd896eae158a85f485f78b6cd74.php 第 57 行.
NOTIC: [8] Undefined index: expert_id /www/Application/Runtime/Cache/Home/51769fd896eae158a85f485f78b6cd74.php 第 64 行.
NOTIC: [8] Undefined index: company_id /www/Application/Runtime/Cache/Home/51769fd896eae158a85f485f78b6cd74.php 第 71 行.
INFO: Run Behavior\ParseTemplateBehavior [ RunTime:0.019249s ]
INFO: [ view_parse ] --END-- [ RunTime:0.019342s ]
INFO: [ view_filter ] --START--
INFO: Run Behavior\WriteHtmlCacheBehavior [ RunTime:0.000066s ]
INFO: [ view_filter ] --END-- [ RunTime:0.000113s ]
INFO: [ app_end ] --START--
INFO: Run Behavior\ShowPageTraceBehavior [ RunTime:0.000067s ]
INFO: [ app_end ] --END-- [ RunTime:0.000118s ]

[ 2018-01-26T09:42:04+08:00 ] 192.168.4.206 /index.php?m=Home&c=Expert&a=index
INFO: [ app_init ] --START--
INFO: Run Behavior\BuildLiteBehavior [ RunTime:0.000018s ]
INFO: [ app_init ] --END-- [ RunTime:0.000157s ]
INFO: [ app_begin ] --START--
INFO: Run Behavior\ReadHtmlCacheBehavior [ RunTime:0.000068s ]
INFO: [ app_begin ] --END-- [ RunTime:0.000136s ]
SQL: SHOW COLUMNS FROM `eye_expert_user` [ RunTime:0.0007s ]
SQL: SELECT `expert_id`,`expert_realname`,`expert_pic`,`expert_job`,`expert_hospital`,`expert_brief`,`expert_time` FROM `eye_expert_user` ORDER BY expert_time desc  [ RunTime:0.0004s ]
INFO: [ view_parse ] --START--
INFO: [ template_filter ] --START--
INFO: Run Behavior\ContentReplaceBehavior [ RunTime:0.000170s ]
INFO: [ template_filter ] --END-- [ RunTime:0.000280s ]
NOTIC: [8] Undefined index: eye_uid /www/Application/Runtime/Cache/Home/06e032dbe05505f460f5b770ae6e9d0d.php 第 48 行.
NOTIC: [8] Undefined index: expert_id /www/Application/Runtime/Cache/Home/06e032dbe05505f460f5b770ae6e9d0d.php 第 55 行.
NOTIC: [8] Undefined index: company_id /www/Application/Runtime/Cache/Home/06e032dbe05505f460f5b770ae6e9d0d.php 第 62 行.
NOTIC: [8] Undefined index: expert_author /www/Application/Runtime/Cache/Home/06e032dbe05505f460f5b770ae6e9d0d.php 第 316 行.
NOTIC: [8] Undefined index: expert_author /www/Application/Runtime/Cache/Home/06e032dbe05505f460f5b770ae6e9d0d.php 第 316 行.
NOTIC: [8] Undefined index: expert_author /www/Application/Runtime/Cache/Home/06e032dbe05505f460f5b770ae6e9d0d.php 第 316 行.
NOTIC: [8] Undefined index: expert_author /www/Application/Runtime/Cache/Home/06e032dbe05505f460f5b770ae6e9d0d.php 第 316 行.
NOTIC: [8] Undefined index: expert_author /www/Application/Runtime/Cache/Home/06e032dbe05505f460f5b770ae6e9d0d.php 第 316 行.
NOTIC: [8] Undefined index: expert_author /www/Application/Runtime/Cache/Home/06e032dbe05505f460f5b770ae6e9d0d.php 第 316 行.
NOTIC: [8] Undefined index: expert_author /www/Application/Runtime/Cache/Home/06e032dbe05505f460f5b770ae6e9d0d.php 第 316 行.
INFO: Run Behavior\ParseTemplateBehavior [ RunTime:0.017578s ]
INFO: [ view_parse ] --END-- [ RunTime:0.017673s ]
INFO: [ view_filter ] --START--
INFO: Run Behavior\WriteHtmlCacheBehavior [ RunTime:0.000071s ]
INFO: [ view_filter ] --END-- [ RunTime:0.000116s ]
INFO: [ app_end ] --START--
INFO: Run Behavior\ShowPageTraceBehavior [ RunTime:0.000120s ]
INFO: [ app_end ] --END-- [ RunTime:0.000234s ]

[ 2018-01-26T09:42:04+08:00 ] 192.168.4.206 /index.php?m=Home&c=History&a=index
INFO: [ app_init ] --START--
INFO: Run Behavior\BuildLiteBehavior [ RunTime:0.000013s ]
INFO: [ app_init ] --END-- [ RunTime:0.000108s ]
INFO: [ app_begin ] --START--
INFO: Run Behavior\ReadHtmlCacheBehavior [ RunTime:0.000071s ]
INFO: [ app_begin ] --END-- [ RunTime:0.000146s ]
SQL: SHOW COLUMNS FROM `eye_hisart` [ RunTime:0.0009s ]
SQL: SELECT `his_id`,`his_title`,`his_time`,`his_pic` FROM `eye_hisart` ORDER BY his_time  [ RunTime:0.0007s ]
SQL: SELECT COUNT(*) AS tp_count FROM `eye_hisart` LIMIT 1   [ RunTime:0.0003s ]
SQL: SELECT * FROM `eye_hisart` ORDER BY his_time LIMIT 0,5   [ RunTime:0.0003s ]
INFO: [ view_parse ] --START--
INFO: [ template_filter ] --START--
INFO: Run Behavior\ContentReplaceBehavior [ RunTime:0.000151s ]
INFO: [ template_filter ] --END-- [ RunTime:0.000221s ]
NOTIC: [8] Undefined index: eye_uid /www/Application/Runtime/Cache/Home/5de331b8b8f71a2c45e8e961f6adbf7e.php 第 57 行.
NOTIC: [8] Undefined index: expert_id /www/Application/Runtime/Cache/Home/5de331b8b8f71a2c45e8e961f6adbf7e.php 第 64 行.
NOTIC: [8] Undefined index: company_id /www/Application/Runtime/Cache/Home/5de331b8b8f71a2c45e8e961f6adbf7e.php 第 71 行.
INFO: Run Behavior\ParseTemplateBehavior [ RunTime:0.015099s ]
INFO: [ view_parse ] --END-- [ RunTime:0.015242s ]
INFO: [ view_filter ] --START--
INFO: Run Behavior\WriteHtmlCacheBehavior [ RunTime:0.000086s ]
INFO: [ view_filter ] --END-- [ RunTime:0.000163s ]
INFO: [ app_end ] --START--
INFO: Run Behavior\ShowPageTraceBehavior [ RunTime:0.000130s ]
INFO: [ app_end ] --END-- [ RunTime:0.000206s ]

[ 2018-01-26T09:42:05+08:00 ] 192.168.4.206 /index.php?m=Home&c=Company&a=index
INFO: [ app_init ] --START--
INFO: Run Behavior\BuildLiteBehavior [ RunTime:0.000027s ]
INFO: [ app_init ] --END-- [ RunTime:0.000289s ]
INFO: [ app_begin ] --START--
INFO: Run Behavior\ReadHtmlCacheBehavior [ RunTime:0.000083s ]
INFO: [ app_begin ] --END-- [ RunTime:0.000171s ]
SQL: SHOW COLUMNS FROM `eye_company` [ RunTime:0.0006s ]
SQL: SELECT `company_id`,`company_name`,`company_pic`,`company_city`,`company_time`,`company_industry`,`company_desc` FROM `eye_company` ORDER BY company_time desc  [ RunTime:0.0003s ]
INFO: [ view_parse ] --START--
INFO: [ template_filter ] --START--
INFO: Run Behavior\ContentReplaceBehavior [ RunTime:0.000149s ]
INFO: [ template_filter ] --END-- [ RunTime:0.000289s ]
NOTIC: [8] Undefined index: eye_uid /www/Application/Runtime/Cache/Home/4107775cc35841a7e78a93349f59253e.php 第 50 行.
NOTIC: [8] Undefined index: expert_id /www/Application/Runtime/Cache/Home/4107775cc35841a7e78a93349f59253e.php 第 57 行.
NOTIC: [8] Undefined index: company_id /www/Application/Runtime/Cache/Home/4107775cc35841a7e78a93349f59253e.php 第 64 行.
INFO: Run Behavior\ParseTemplateBehavior [ RunTime:0.011886s ]
INFO: [ view_parse ] --END-- [ RunTime:0.011958s ]
INFO: [ view_filter ] --START--
INFO: Run Behavior\WriteHtmlCacheBehavior [ RunTime:0.000060s ]
INFO: [ view_filter ] --END-- [ RunTime:0.000104s ]
INFO: [ app_end ] --START--
INFO: Run Behavior\ShowPageTraceBehavior [ RunTime:0.000162s ]
INFO: [ app_end ] --END-- [ RunTime:0.000231s ]

[ 2018-01-26T09:42:06+08:00 ] 192.168.4.206 /index.php?m=Home&c=Rescue&a=index
INFO: [ app_init ] --START--
INFO: Run Behavior\BuildLiteBehavior [ RunTime:0.000013s ]
INFO: [ app_init ] --END-- [ RunTime:0.000107s ]
INFO: [ app_begin ] --START--
INFO: Run Behavior\ReadHtmlCacheBehavior [ RunTime:0.000050s ]
INFO: [ app_begin ] --END-- [ RunTime:0.000102s ]
SQL: SHOW COLUMNS FROM `eye_rescue` [ RunTime:0.0006s ]
SQL: SELECT `rescue_id`,`rescue_title`,`rescue_source`,`rescue_pic`,`rescue_appeal`,`rescue_offer`,`rescue_rate` FROM `eye_rescue` ORDER BY rescue_time desc  [ RunTime:0.0002s ]
INFO: [ view_parse ] --START--
INFO: [ template_filter ] --START--
INFO: Run Behavior\ContentReplaceBehavior [ RunTime:0.000267s ]
INFO: [ template_filter ] --END-- [ RunTime:0.000350s ]
NOTIC: [8] Undefined index: eye_uid /www/Application/Runtime/Cache/Home/23660a3842d664b937cad435b9f3fa26.php 第 51 行.
NOTIC: [8] Undefined index: expert_id /www/Application/Runtime/Cache/Home/23660a3842d664b937cad435b9f3fa26.php 第 58 行.
NOTIC: [8] Undefined index: company_id /www/Application/Runtime/Cache/Home/23660a3842d664b937cad435b9f3fa26.php 第 65 行.
INFO: Run Behavior\ParseTemplateBehavior [ RunTime:0.020401s ]
INFO: [ view_parse ] --END-- [ RunTime:0.020479s ]
INFO: [ view_filter ] --START--
INFO: Run Behavior\WriteHtmlCacheBehavior [ RunTime:0.000068s ]
INFO: [ view_filter ] --END-- [ RunTime:0.000114s ]
INFO: [ app_end ] --START--
INFO: Run Behavior\ShowPageTraceBehavior [ RunTime:0.000060s ]
INFO: [ app_end ] --END-- [ RunTime:0.000118s ]

[ 2018-01-26T13:40:46+08:00 ] 192.168.4.206 /index.php?m=Home&c=Index&a=index
INFO: [ app_init ] --START--
INFO: Run Behavior\BuildLiteBehavior [ RunTime:0.000015s ]
INFO: [ app_init ] --END-- [ RunTime:0.000341s ]
INFO: [ app_begin ] --START--
INFO: Run Behavior\ReadHtmlCacheBehavior [ RunTime:0.000466s ]
INFO: [ app_begin ] --END-- [ RunTime:0.000521s ]
INFO: [ view_parse ] --START--
INFO: [ template_filter ] --START--
INFO: Run Behavior\ContentReplaceBehavior [ RunTime:0.000433s ]
INFO: [ template_filter ] --END-- [ RunTime:0.000561s ]
NOTIC: [2] file_put_contents(./Application/Runtime/Cache/Home/2a94b8bda04ff446dcedd42276fc99ee.php): failed to open stream: Permission denied /www/ThinkPHP/Library/Think/Storage/Driver/File.class.php 第 47 行.
ERR: _STORAGE_WRITE_ERROR_:./Application/Runtime/Cache/Home/2a94b8bda04ff446dcedd42276fc99ee.php

[ 2018-01-26T13:40:56+08:00 ] 192.168.4.206 /index.php?m=Home&c=Index&a=index
INFO: [ app_init ] --START--
INFO: Run Behavior\BuildLiteBehavior [ RunTime:0.000024s ]
INFO: [ app_init ] --END-- [ RunTime:0.000132s ]
INFO: [ app_begin ] --START--
INFO: Run Behavior\ReadHtmlCacheBehavior [ RunTime:0.000066s ]
INFO: [ app_begin ] --END-- [ RunTime:0.000120s ]
INFO: [ view_parse ] --START--
INFO: [ template_filter ] --START--
INFO: Run Behavior\ContentReplaceBehavior [ RunTime:0.000396s ]
INFO: [ template_filter ] --END-- [ RunTime:0.000475s ]
NOTIC: [2] file_put_contents(./Application/Runtime/Cache/Home/2a94b8bda04ff446dcedd42276fc99ee.php): failed to open stream: Permission denied /www/ThinkPHP/Library/Think/Storage/Driver/File.class.php 第 47 行.
ERR: _STORAGE_WRITE_ERROR_:./Application/Runtime/Cache/Home/2a94b8bda04ff446dcedd42276fc99ee.php

[ 2018-01-26T13:41:37+08:00 ] 192.168.4.206 /index.php?m=Home&c=Rescue&a=index
INFO: [ app_init ] --START--
INFO: Run Behavior\BuildLiteBehavior [ RunTime:0.000049s ]
INFO: [ app_init ] --END-- [ RunTime:0.000366s ]
INFO: [ app_begin ] --START--
INFO: Run Behavior\ReadHtmlCacheBehavior [ RunTime:0.000145s ]
INFO: [ app_begin ] --END-- [ RunTime:0.000312s ]
INFO: [ view_parse ] --START--
INFO: [ template_filter ] --START--
INFO: Run Behavior\ContentReplaceBehavior [ RunTime:0.000234s ]
INFO: [ template_filter ] --END-- [ RunTime:0.000305s ]
NOTIC: [2] file_put_contents(./Application/Runtime/Cache/Home/23660a3842d664b937cad435b9f3fa26.php): failed to open stream: Permission denied /www/ThinkPHP/Library/Think/Storage/Driver/File.class.php 第 47 行.
ERR: _STORAGE_WRITE_ERROR_:./Application/Runtime/Cache/Home/23660a3842d664b937cad435b9f3fa26.php

[ 2018-01-26T13:42:20+08:00 ] 192.168.4.206 /index.php?m=Home&c=Ophtha&a=index
INFO: [ app_init ] --START--
INFO: Run Behavior\BuildLiteBehavior [ RunTime:0.000029s ]
INFO: [ app_init ] --END-- [ RunTime:0.000173s ]
INFO: [ app_begin ] --START--
INFO: Run Behavior\ReadHtmlCacheBehavior [ RunTime:0.000050s ]
INFO: [ app_begin ] --END-- [ RunTime:0.000100s ]
INFO: [ view_parse ] --START--
INFO: [ template_filter ] --START--
INFO: Run Behavior\ContentReplaceBehavior [ RunTime:0.000156s ]
INFO: [ template_filter ] --END-- [ RunTime:0.000232s ]
NOTIC: [2] file_put_contents(./Application/Runtime/Cache/Home/51769fd896eae158a85f485f78b6cd74.php): failed to open stream: Permission denied /www/ThinkPHP/Library/Think/Storage/Driver/File.class.php 第 47 行.
ERR: _STORAGE_WRITE_ERROR_:./Application/Runtime/Cache/Home/51769fd896eae158a85f485f78b6cd74.php

[ 2018-01-26T13:42:24+08:00 ] 192.168.4.206 /index.php?m=Home&c=News&a=index
INFO: [ app_init ] --START--
INFO: Run Behavior\BuildLiteBehavior [ RunTime:0.000023s ]
INFO: [ app_init ] --END-- [ RunTime:0.000175s ]
INFO: [ app_begin ] --START--
INFO: Run Behavior\ReadHtmlCacheBehavior [ RunTime:0.000081s ]
INFO: [ app_begin ] --END-- [ RunTime:0.000170s ]
INFO: [ view_parse ] --START--
INFO: [ template_filter ] --START--
INFO: Run Behavior\ContentReplaceBehavior [ RunTime:0.000179s ]
INFO: [ template_filter ] --END-- [ RunTime:0.000255s ]
NOTIC: [2] file_put_contents(./Application/Runtime/Cache/Home/3e24b471de08a8366f7660bb176a5e74.php): failed to open stream: Permission denied /www/ThinkPHP/Library/Think/Storage/Driver/File.class.php 第 47 行.
ERR: _STORAGE_WRITE_ERROR_:./Application/Runtime/Cache/Home/3e24b471de08a8366f7660bb176a5e74.php

[ 2018-01-26T13:42:50+08:00 ] 192.168.4.206 /index.php?m=Home&c=News&a=index
INFO: [ app_init ] --START--
INFO: Run Behavior\BuildLiteBehavior [ RunTime:0.000066s ]
INFO: [ app_init ] --END-- [ RunTime:0.000249s ]
INFO: [ app_begin ] --START--
INFO: Run Behavior\ReadHtmlCacheBehavior [ RunTime:0.000092s ]
INFO: [ app_begin ] --END-- [ RunTime:0.000186s ]
INFO: [ view_parse ] --START--
INFO: [ template_filter ] --START--
INFO: Run Behavior\ContentReplaceBehavior [ RunTime:0.000176s ]
INFO: [ template_filter ] --END-- [ RunTime:0.000260s ]
NOTIC: [2] file_put_contents(./Application/Runtime/Cache/Home/3e24b471de08a8366f7660bb176a5e74.php): failed to open stream: Permission denied /www/ThinkPHP/Library/Think/Storage/Driver/File.class.php 第 47 行.
ERR: _STORAGE_WRITE_ERROR_:./Application/Runtime/Cache/Home/3e24b471de08a8366f7660bb176a5e74.php

[ 2018-01-26T13:44:44+08:00 ] 192.168.4.206 /index.php?m=Home&c=Expert&a=index
INFO: [ app_init ] --START--
INFO: Run Behavior\BuildLiteBehavior [ RunTime:0.000025s ]
INFO: [ app_init ] --END-- [ RunTime:0.000219s ]
INFO: [ app_begin ] --START--
INFO: Run Behavior\ReadHtmlCacheBehavior [ RunTime:0.000071s ]
INFO: [ app_begin ] --END-- [ RunTime:0.000147s ]
INFO: [ view_parse ] --START--
INFO: [ template_filter ] --START--
INFO: Run Behavior\ContentReplaceBehavior [ RunTime:0.000173s ]
INFO: [ template_filter ] --END-- [ RunTime:0.000253s ]
NOTIC: [2] file_put_contents(./Application/Runtime/Cache/Home/06e032dbe05505f460f5b770ae6e9d0d.php): failed to open stream: Permission denied /www/ThinkPHP/Library/Think/Storage/Driver/File.class.php 第 47 行.
ERR: _STORAGE_WRITE_ERROR_:./Application/Runtime/Cache/Home/06e032dbe05505f460f5b770ae6e9d0d.php

[ 2018-01-26T13:44:51+08:00 ] 192.168.4.206 /index.php?m=Home&c=Index&a=index
INFO: [ app_init ] --START--
INFO: Run Behavior\BuildLiteBehavior [ RunTime:0.000159s ]
INFO: [ app_init ] --END-- [ RunTime:0.000316s ]
INFO: [ app_begin ] --START--
INFO: Run Behavior\ReadHtmlCacheBehavior [ RunTime:0.000054s ]
INFO: [ app_begin ] --END-- [ RunTime:0.000113s ]
INFO: [ view_parse ] --START--
INFO: [ template_filter ] --START--
INFO: Run Behavior\ContentReplaceBehavior [ RunTime:0.000429s ]
INFO: [ template_filter ] --END-- [ RunTime:0.000533s ]
NOTIC: [2] file_put_contents(./Application/Runtime/Cache/Home/2a94b8bda04ff446dcedd42276fc99ee.php): failed to open stream: Permission denied /www/ThinkPHP/Library/Think/Storage/Driver/File.class.php 第 47 行.
ERR: _STORAGE_WRITE_ERROR_:./Application/Runtime/Cache/Home/2a94b8bda04ff446dcedd42276fc99ee.php

[ 2018-01-26T13:44:57+08:00 ] 192.168.4.206 /index.php?m=Home&c=News&a=index
INFO: [ app_init ] --START--
INFO: Run Behavior\BuildLiteBehavior [ RunTime:0.000109s ]
INFO: [ app_init ] --END-- [ RunTime:0.000252s ]
INFO: [ app_begin ] --START--
INFO: Run Behavior\ReadHtmlCacheBehavior [ RunTime:0.000086s ]
INFO: [ app_begin ] --END-- [ RunTime:0.000178s ]
INFO: [ view_parse ] --START--
INFO: [ template_filter ] --START--
INFO: Run Behavior\ContentReplaceBehavior [ RunTime:0.000232s ]
INFO: [ template_filter ] --END-- [ RunTime:0.000350s ]
NOTIC: [2] file_put_contents(./Application/Runtime/Cache/Home/3e24b471de08a8366f7660bb176a5e74.php): failed to open stream: Permission denied /www/ThinkPHP/Library/Think/Storage/Driver/File.class.php 第 47 行.
ERR: _STORAGE_WRITE_ERROR_:./Application/Runtime/Cache/Home/3e24b471de08a8366f7660bb176a5e74.php

[ 2018-01-26T13:45:42+08:00 ] 192.168.4.206 /index.php?m=Home&c=Company&a=index
INFO: [ app_init ] --START--
INFO: Run Behavior\BuildLiteBehavior [ RunTime:0.000022s ]
INFO: [ app_init ] --END-- [ RunTime:0.000277s ]
INFO: [ app_begin ] --START--
INFO: Run Behavior\ReadHtmlCacheBehavior [ RunTime:0.000098s ]
INFO: [ app_begin ] --END-- [ RunTime:0.000334s ]
ERR: 无法加载控制器:Company

[ 2018-01-26T13:45:46+08:00 ] 192.168.4.206 /index.php?m=Home&c=Index&a=index
INFO: [ app_init ] --START--
INFO: Run Behavior\BuildLiteBehavior [ RunTime:0.000022s ]
INFO: [ app_init ] --END-- [ RunTime:0.000174s ]
INFO: [ app_begin ] --START--
INFO: Run Behavior\ReadHtmlCacheBehavior [ RunTime:0.000079s ]
INFO: [ app_begin ] --END-- [ RunTime:0.000145s ]
INFO: [ view_parse ] --START--
INFO: [ template_filter ] --START--
INFO: Run Behavior\ContentReplaceBehavior [ RunTime:0.000347s ]
INFO: [ template_filter ] --END-- [ RunTime:0.000420s ]
INFO: Run Behavior\ParseTemplateBehavior [ RunTime:0.018973s ]
INFO: [ view_parse ] --END-- [ RunTime:0.019035s ]
INFO: [ view_filter ] --START--
INFO: Run Behavior\WriteHtmlCacheBehavior [ RunTime:0.000151s ]
INFO: [ view_filter ] --END-- [ RunTime:0.000191s ]
INFO: [ app_end ] --START--
INFO: Run Behavior\ShowPageTraceBehavior [ RunTime:0.000443s ]
INFO: [ app_end ] --END-- [ RunTime:0.000519s ]

[ 2018-01-26T13:45:49+08:00 ] 192.168.4.206 /index.php?m=Home&c=Ophtha&a=index
INFO: [ app_init ] --START--
INFO: Run Behavior\BuildLiteBehavior [ RunTime:0.000014s ]
INFO: [ app_init ] --END-- [ RunTime:0.000107s ]
INFO: [ app_begin ] --START--
INFO: Run Behavior\ReadHtmlCacheBehavior [ RunTime:0.000080s ]
INFO: [ app_begin ] --END-- [ RunTime:0.000163s ]
INFO: [ view_parse ] --START--
INFO: [ template_filter ] --START--
INFO: Run Behavior\ContentReplaceBehavior [ RunTime:0.000172s ]
INFO: [ template_filter ] --END-- [ RunTime:0.000244s ]
INFO: Run Behavior\ParseTemplateBehavior [ RunTime:0.024960s ]
INFO: [ view_parse ] --END-- [ RunTime:0.025078s ]
INFO: [ view_filter ] --START--
INFO: Run Behavior\WriteHtmlCacheBehavior [ RunTime:0.000072s ]
INFO: [ view_filter ] --END-- [ RunTime:0.000138s ]
INFO: [ app_end ] --START--
INFO: Run Behavior\ShowPageTraceBehavior [ RunTime:0.000045s ]
INFO: [ app_end ] --END-- [ RunTime:0.000090s ]

[ 2018-01-26T13:45:49+08:00 ] 192.168.4.206 /index.php?m=Home&c=News&a=index
INFO: [ app_init ] --START--
INFO: Run Behavior\BuildLiteBehavior [ RunTime:0.000015s ]
INFO: [ app_init ] --END-- [ RunTime:0.000166s ]
INFO: [ app_begin ] --START--
INFO: Run Behavior\ReadHtmlCacheBehavior [ RunTime:0.000049s ]
INFO: [ app_begin ] --END-- [ RunTime:0.000099s ]
INFO: [ view_parse ] --START--
INFO: [ template_filter ] --START--
INFO: Run Behavior\ContentReplaceBehavior [ RunTime:0.000175s ]
INFO: [ template_filter ] --END-- [ RunTime:0.000253s ]
INFO: Run Behavior\ParseTemplateBehavior [ RunTime:0.017806s ]
INFO: [ view_parse ] --END-- [ RunTime:0.017873s ]
INFO: [ view_filter ] --START--
INFO: Run Behavior\WriteHtmlCacheBehavior [ RunTime:0.000052s ]
INFO: [ view_filter ] --END-- [ RunTime:0.000094s ]
INFO: [ app_end ] --START--
INFO: Run Behavior\ShowPageTraceBehavior [ RunTime:0.000047s ]
INFO: [ app_end ] --END-- [ RunTime:0.000099s ]

[ 2018-01-26T13:45:51+08:00 ] 192.168.4.206 /index.php?m=Home&c=Expert&a=index
INFO: [ app_init ] --START--
INFO: Run Behavior\BuildLiteBehavior [ RunTime:0.000021s ]
INFO: [ app_init ] --END-- [ RunTime:0.000160s ]
INFO: [ app_begin ] --START--
INFO: Run Behavior\ReadHtmlCacheBehavior [ RunTime:0.000087s ]
INFO: [ app_begin ] --END-- [ RunTime:0.000142s ]
INFO: [ view_parse ] --START--
INFO: [ template_filter ] --START--
INFO: Run Behavior\ContentReplaceBehavior [ RunTime:0.000234s ]
INFO: [ template_filter ] --END-- [ RunTime:0.000329s ]
INFO: Run Behavior\ParseTemplateBehavior [ RunTime:0.011087s ]
INFO: [ view_parse ] --END-- [ RunTime:0.011146s ]
INFO: [ view_filter ] --START--
INFO: Run Behavior\WriteHtmlCacheBehavior [ RunTime:0.000051s ]
INFO: [ view_filter ] --END-- [ RunTime:0.000093s ]
INFO: [ app_end ] --START--
INFO: Run Behavior\ShowPageTraceBehavior [ RunTime:0.000051s ]
INFO: [ app_end ] --END-- [ RunTime:0.000097s ]

[ 2018-01-26T13:45:52+08:00 ] 192.168.4.206 /index.php?m=Home&c=News&a=index
INFO: [ app_init ] --START--
INFO: Run Behavior\BuildLiteBehavior [ RunTime:0.000014s ]
INFO: [ app_init ] --END-- [ RunTime:0.000098s ]
INFO: [ app_begin ] --START--
INFO: Run Behavior\ReadHtmlCacheBehavior [ RunTime:0.000069s ]
INFO: [ app_begin ] --END-- [ RunTime:0.000139s ]
INFO: [ view_parse ] --START--
INFO: [ template_filter ] --START--
INFO: Run Behavior\ContentReplaceBehavior [ RunTime:0.000165s ]
INFO: [ template_filter ] --END-- [ RunTime:0.000232s ]
INFO: Run Behavior\ParseTemplateBehavior [ RunTime:0.012578s ]
INFO: [ view_parse ] --END-- [ RunTime:0.012645s ]
INFO: [ view_filter ] --START--
INFO: Run Behavior\WriteHtmlCacheBehavior [ RunTime:0.000045s ]
INFO: [ view_filter ] --END-- [ RunTime:0.000109s ]
INFO: [ app_end ] --START--
INFO: Run Behavior\ShowPageTraceBehavior [ RunTime:0.000041s ]
INFO: [ app_end ] --END-- [ RunTime:0.000082s ]

[ 2018-01-26T13:45:53+08:00 ] 192.168.4.206 /index.php?m=Home&c=Contact&a=index
INFO: [ app_init ] --START--
INFO: Run Behavior\BuildLiteBehavior [ RunTime:0.000015s ]
INFO: [ app_init ] --END-- [ RunTime:0.000141s ]
INFO: [ app_begin ] --START--
INFO: Run Behavior\ReadHtmlCacheBehavior [ RunTime:0.000046s ]
INFO: [ app_begin ] --END-- [ RunTime:0.000093s ]
INFO: [ view_parse ] --START--
INFO: [ template_filter ] --START--
INFO: Run Behavior\ContentReplaceBehavior [ RunTime:0.000145s ]
INFO: [ template_filter ] --END-- [ RunTime:0.000225s ]
INFO: Run Behavior\ParseTemplateBehavior [ RunTime:0.010974s ]
INFO: [ view_parse ] --END-- [ RunTime:0.011033s ]
INFO: [ view_filter ] --START--
INFO: Run Behavior\WriteHtmlCacheBehavior [ RunTime:0.000079s ]
INFO: [ view_filter ] --END-- [ RunTime:0.000124s ]
INFO: [ app_end ] --START--
INFO: Run Behavior\ShowPageTraceBehavior [ RunTime:0.000047s ]
INFO: [ app_end ] --END-- [ RunTime:0.000096s ]

[ 2018-01-26T13:45:53+08:00 ] 192.168.4.206 /index.php?m=Home&c=Rescue&a=index
INFO: [ app_init ] --START--
INFO: Run Behavior\BuildLiteBehavior [ RunTime:0.000015s ]
INFO: [ app_init ] --END-- [ RunTime:0.000106s ]
INFO: [ app_begin ] --START--
INFO: Run Behavior\ReadHtmlCacheBehavior [ RunTime:0.000053s ]
INFO: [ app_begin ] --END-- [ RunTime:0.000108s ]
INFO: [ view_parse ] --START--
INFO: [ template_filter ] --START--
INFO: Run Behavior\ContentReplaceBehavior [ RunTime:0.000743s ]
INFO: [ template_filter ] --END-- [ RunTime:0.000825s ]
INFO: Run Behavior\ParseTemplateBehavior [ RunTime:0.017657s ]
INFO: [ view_parse ] --END-- [ RunTime:0.017753s ]
INFO: [ view_filter ] --START--
INFO: Run Behavior\WriteHtmlCacheBehavior [ RunTime:0.000053s ]
INFO: [ view_filter ] --END-- [ RunTime:0.000097s ]
INFO: [ app_end ] --START--
INFO: Run Behavior\ShowPageTraceBehavior [ RunTime:0.000048s ]
INFO: [ app_end ] --END-- [ RunTime:0.000099s ]

[ 2018-01-26T14:15:09+08:00 ] 192.168.4.206 /index.php?m=Home&c=News&a=index
INFO: [ app_init ] --START--
INFO: Run Behavior\BuildLiteBehavior [ RunTime:0.000023s ]
INFO: [ app_init ] --END-- [ RunTime:0.000170s ]
INFO: [ app_begin ] --START--
INFO: Run Behavior\ReadHtmlCacheBehavior [ RunTime:0.000092s ]
INFO: [ app_begin ] --END-- [ RunTime:0.000247s ]
INFO: [ view_parse ] --START--
INFO: [ template_filter ] --START--
INFO: Run Behavior\ContentReplaceBehavior [ RunTime:0.000176s ]
INFO: [ template_filter ] --END-- [ RunTime:0.000279s ]
INFO: Run Behavior\ParseTemplateBehavior [ RunTime:0.016071s ]
INFO: [ view_parse ] --END-- [ RunTime:0.016130s ]
INFO: [ view_filter ] --START--
INFO: Run Behavior\WriteHtmlCacheBehavior [ RunTime:0.000053s ]
INFO: [ view_filter ] --END-- [ RunTime:0.000096s ]
INFO: [ app_end ] --START--
INFO: Run Behavior\ShowPageTraceBehavior [ RunTime:0.000089s ]
INFO: [ app_end ] --END-- [ RunTime:0.000159s ]

[ 2018-01-26T14:20:13+08:00 ] 192.168.4.206 /index.php?m=Home&c=Rescue&a=index
INFO: [ app_init ] --START--
INFO: Run Behavior\BuildLiteBehavior [ RunTime:0.000037s ]
INFO: [ app_init ] --END-- [ RunTime:0.000302s ]
INFO: [ app_begin ] --START--
INFO: Run Behavior\ReadHtmlCacheBehavior [ RunTime:0.000147s ]
INFO: [ app_begin ] --END-- [ RunTime:0.000257s ]
INFO: [ view_parse ] --START--
INFO: [ template_filter ] --START--
INFO: Run Behavior\ContentReplaceBehavior [ RunTime:0.000236s ]
INFO: [ template_filter ] --END-- [ RunTime:0.000350s ]
INFO: Run Behavior\ParseTemplateBehavior [ RunTime:0.024221s ]
INFO: [ view_parse ] --END-- [ RunTime:0.024314s ]
INFO: [ view_filter ] --START--
INFO: Run Behavior\WriteHtmlCacheBehavior [ RunTime:0.000099s ]
INFO: [ view_filter ] --END-- [ RunTime:0.000141s ]
INFO: [ app_end ] --START--
INFO: Run Behavior\ShowPageTraceBehavior [ RunTime:0.000047s ]
INFO: [ app_end ] --END-- [ RunTime:0.000095s ]

[ 2018-01-26T14:20:14+08:00 ] 192.168.4.206 /index.php?m=Home&c=Rescue&a=index
INFO: [ app_init ] --START--
INFO: Run Behavior\BuildLiteBehavior [ RunTime:0.000023s ]
INFO: [ app_init ] --END-- [ RunTime:0.000164s ]
INFO: [ app_begin ] --START--
INFO: Run Behavior\ReadHtmlCacheBehavior [ RunTime:0.000077s ]
INFO: [ app_begin ] --END-- [ RunTime:0.000158s ]
INFO: [ view_parse ] --START--
INFO: [ template_filter ] --START--
INFO: Run Behavior\ContentReplaceBehavior [ RunTime:0.000294s ]
INFO: [ template_filter ] --END-- [ RunTime:0.000396s ]
INFO: Run Behavior\ParseTemplateBehavior [ RunTime:0.028756s ]
INFO: [ view_parse ] --END-- [ RunTime:0.028830s ]
INFO: [ view_filter ] --START--
INFO: Run Behavior\WriteHtmlCacheBehavior [ RunTime:0.000078s ]
INFO: [ view_filter ] --END-- [ RunTime:0.000137s ]

[ 2018-01-26T14:20:14+08:00 ] 192.168.4.206 /index.php?m=Home&c=Rescue&a=index
INFO: [ app_init ] --START--
INFO: Run Behavior\BuildLiteBehavior [ RunTime:0.000020s ]
INFO: [ app_init ] --END-- [ RunTime:0.000139s ]
INFO: [ app_begin ] --START--
INFO: Run Behavior\ReadHtmlCacheBehavior [ RunTime:0.000072s ]
INFO: [ app_begin ] --END-- [ RunTime:0.000145s ]
INFO: [ view_parse ] --START--
INFO: [ template_filter ] --START--
INFO: Run Behavior\ContentReplaceBehavior [ RunTime:0.000258s ]
INFO: [ template_filter ] --END-- [ RunTime:0.000354s ]
INFO: Run Behavior\ParseTemplateBehavior [ RunTime:0.023948s ]
INFO: [ view_parse ] --END-- [ RunTime:0.024030s ]
INFO: [ view_filter ] --START--
INFO: Run Behavior\WriteHtmlCacheBehavior [ RunTime:0.000056s ]
INFO: [ view_filter ] --END-- [ RunTime:0.000096s ]
INFO: [ app_end ] --START--
INFO: Run Behavior\ShowPageTraceBehavior [ RunTime:0.000050s ]
INFO: [ app_end ] --END-- [ RunTime:0.000100s ]

[ 2018-01-26T14:20:14+08:00 ] 192.168.4.206 /index.php?m=Home&c=Rescue&a=index
INFO: [ app_init ] --START--
INFO: Run Behavior\BuildLiteBehavior [ RunTime:0.000020s ]
INFO: [ app_init ] --END-- [ RunTime:0.000149s ]
INFO: [ app_begin ] --START--
INFO: Run Behavior\ReadHtmlCacheBehavior [ RunTime:0.000070s ]
INFO: [ app_begin ] --END-- [ RunTime:0.000145s ]
INFO: [ view_parse ] --START--
INFO: [ template_filter ] --START--
INFO: Run Behavior\ContentReplaceBehavior [ RunTime:0.000382s ]
INFO: [ template_filter ] --END-- [ RunTime:0.000631s ]
INFO: Run Behavior\ParseTemplateBehavior [ RunTime:0.020116s ]
INFO: [ view_parse ] --END-- [ RunTime:0.020238s ]
INFO: [ view_filter ] --START--
INFO: Run Behavior\WriteHtmlCacheBehavior [ RunTime:0.000077s ]
INFO: [ view_filter ] --END-- [ RunTime:0.000134s ]
INFO: [ app_end ] --START--
INFO: Run Behavior\ShowPageTraceBehavior [ RunTime:0.000146s ]
INFO: [ app_end ] --END-- [ RunTime:0.000350s ]

[ 2018-01-26T14:20:14+08:00 ] 192.168.4.206 /index.php?m=Home&c=Rescue&a=index
INFO: [ app_init ] --START--
INFO: Run Behavior\BuildLiteBehavior [ RunTime:0.000019s ]
INFO: [ app_init ] --END-- [ RunTime:0.000138s ]
INFO: [ app_begin ] --START--
INFO: Run Behavior\ReadHtmlCacheBehavior [ RunTime:0.000061s ]
INFO: [ app_begin ] --END-- [ RunTime:0.000128s ]
INFO: [ view_parse ] --START--
INFO: [ template_filter ] --START--
INFO: Run Behavior\ContentReplaceBehavior [ RunTime:0.000229s ]
INFO: [ template_filter ] --END-- [ RunTime:0.000299s ]
INFO: Run Behavior\ParseTemplateBehavior [ RunTime:0.018159s ]
INFO: [ view_parse ] --END-- [ RunTime:0.018255s ]
INFO: [ view_filter ] --START--
INFO: Run Behavior\WriteHtmlCacheBehavior [ RunTime:0.000078s ]
INFO: [ view_filter ] --END-- [ RunTime:0.000146s ]
INFO: [ app_end ] --START--
INFO: Run Behavior\ShowPageTraceBehavior [ RunTime:0.000052s ]
INFO: [ app_end ] --END-- [ RunTime:0.000397s ]

[ 2018-01-26T14:20:15+08:00 ] 192.168.4.206 /index.php?m=Home&c=Rescue&a=index
INFO: [ app_init ] --START--
INFO: Run Behavior\BuildLiteBehavior [ RunTime:0.000022s ]
INFO: [ app_init ] --END-- [ RunTime:0.000148s ]
INFO: [ app_begin ] --START--
INFO: Run Behavior\ReadHtmlCacheBehavior [ RunTime:0.000044s ]
INFO: [ app_begin ] --END-- [ RunTime:0.000086s ]
INFO: [ view_parse ] --START--
INFO: [ template_filter ] --START--
INFO: Run Behavior\ContentReplaceBehavior [ RunTime:0.000357s ]
INFO: [ template_filter ] --END-- [ RunTime:0.000476s ]
INFO: Run Behavior\ParseTemplateBehavior [ RunTime:0.034496s ]
INFO: [ view_parse ] --END-- [ RunTime:0.034717s ]
INFO: [ view_filter ] --START--
INFO: Run Behavior\WriteHtmlCacheBehavior [ RunTime:0.000089s ]
INFO: [ view_filter ] --END-- [ RunTime:0.000186s ]

[ 2018-01-26T14:20:15+08:00 ] 192.168.4.206 /index.php?m=Home&c=Rescue&a=index
INFO: [ app_init ] --START--
INFO: Run Behavior\BuildLiteBehavior [ RunTime:0.000093s ]
INFO: [ app_init ] --END-- [ RunTime:0.000765s ]
INFO: [ app_begin ] --START--
INFO: Run Behavior\ReadHtmlCacheBehavior [ RunTime:0.000071s ]
INFO: [ app_begin ] --END-- [ RunTime:0.000228s ]
INFO: [ view_parse ] --START--
INFO: [ template_filter ] --START--
INFO: Run Behavior\ContentReplaceBehavior [ RunTime:0.000267s ]
INFO: [ template_filter ] --END-- [ RunTime:0.000342s ]
INFO: Run Behavior\ParseTemplateBehavior [ RunTime:0.017979s ]
INFO: [ view_parse ] --END-- [ RunTime:0.018146s ]
INFO: [ view_filter ] --START--
INFO: Run Behavior\WriteHtmlCacheBehavior [ RunTime:0.000200s ]
INFO: [ view_filter ] --END-- [ RunTime:0.000299s ]
INFO: [ app_end ] --START--
INFO: Run Behavior\ShowPageTraceBehavior [ RunTime:0.000147s ]
INFO: [ app_end ] --END-- [ RunTime:0.000301s ]

[ 2018-01-26T14:20:15+08:00 ] 192.168.4.206 /index.php?m=Home&c=Rescue&a=index
INFO: [ app_init ] --START--
INFO: Run Behavior\BuildLiteBehavior [ RunTime:0.000018s ]
INFO: [ app_init ] --END-- [ RunTime:0.000128s ]
INFO: [ app_begin ] --START--
INFO: Run Behavior\ReadHtmlCacheBehavior [ RunTime:0.000074s ]
INFO: [ app_begin ] --END-- [ RunTime:0.000200s ]
INFO: [ view_parse ] --START--
INFO: [ template_filter ] --START--
INFO: Run Behavior\ContentReplaceBehavior [ RunTime:0.000329s ]
INFO: [ template_filter ] --END-- [ RunTime:0.000511s ]
INFO: Run Behavior\ParseTemplateBehavior [ RunTime:0.019017s ]
INFO: [ view_parse ] --END-- [ RunTime:0.019116s ]
INFO: [ view_filter ] --START--
INFO: Run Behavior\WriteHtmlCacheBehavior [ RunTime:0.000086s ]
INFO: [ view_filter ] --END-- [ RunTime:0.000151s ]

[ 2018-01-26T14:20:15+08:00 ] 192.168.4.206 /index.php?m=Home&c=Rescue&a=index
INFO: [ app_init ] --START--
INFO: Run Behavior\BuildLiteBehavior [ RunTime:0.000025s ]
INFO: [ app_init ] --END-- [ RunTime:0.000368s ]
INFO: [ app_begin ] --START--
INFO: Run Behavior\ReadHtmlCacheBehavior [ RunTime:0.000079s ]
INFO: [ app_begin ] --END-- [ RunTime:0.000163s ]
INFO: [ view_parse ] --START--
INFO: [ template_filter ] --START--
INFO: Run Behavior\ContentReplaceBehavior [ RunTime:0.000322s ]
INFO: [ template_filter ] --END-- [ RunTime:0.000514s ]
INFO: Run Behavior\ParseTemplateBehavior [ RunTime:0.021828s ]
INFO: [ view_parse ] --END-- [ RunTime:0.021910s ]
INFO: [ view_filter ] --START--
INFO: Run Behavior\WriteHtmlCacheBehavior [ RunTime:0.000059s ]
INFO: [ view_filter ] --END-- [ RunTime:0.000099s ]
INFO: [ app_end ] --START--
INFO: Run Behavior\ShowPageTraceBehavior [ RunTime:0.000052s ]
INFO: [ app_end ] --END-- [ RunTime:0.000105s ]

[ 2018-01-26T14:20:15+08:00 ] 192.168.4.206 /index.php?m=Home&c=Rescue&a=index
INFO: [ app_init ] --START--
INFO: Run Behavior\BuildLiteBehavior [ RunTime:0.000080s ]
INFO: [ app_init ] --END-- [ RunTime:0.000205s ]
INFO: [ app_begin ] --START--
INFO: Run Behavior\ReadHtmlCacheBehavior [ RunTime:0.000074s ]
INFO: [ app_begin ] --END-- [ RunTime:0.000148s ]
INFO: [ view_parse ] --START--
INFO: [ template_filter ] --START--
INFO: Run Behavior\ContentReplaceBehavior [ RunTime:0.000313s ]
INFO: [ template_filter ] --END-- [ RunTime:0.000433s ]
INFO: Run Behavior\ParseTemplateBehavior [ RunTime:0.022700s ]
INFO: [ view_parse ] --END-- [ RunTime:0.022796s ]
INFO: [ view_filter ] --START--
INFO: Run Behavior\WriteHtmlCacheBehavior [ RunTime:0.000084s ]
INFO: [ view_filter ] --END-- [ RunTime:0.000148s ]
INFO: [ app_end ] --START--
INFO: Run Behavior\ShowPageTraceBehavior [ RunTime:0.000087s ]
INFO: [ app_end ] --END-- [ RunTime:0.000188s ]

[ 2018-01-26T14:20:16+08:00 ] 192.168.4.206 /index.php?m=Home&c=Rescue&a=index
INFO: [ app_init ] --START--
INFO: Run Behavior\BuildLiteBehavior [ RunTime:0.000018s ]
INFO: [ app_init ] --END-- [ RunTime:0.000131s ]
INFO: [ app_begin ] --START--
INFO: Run Behavior\ReadHtmlCacheBehavior [ RunTime:0.000067s ]
INFO: [ app_begin ] --END-- [ RunTime:0.000136s ]
INFO: [ view_parse ] --START--
INFO: [ template_filter ] --START--
INFO: Run Behavior\ContentReplaceBehavior [ RunTime:0.000404s ]
INFO: [ template_filter ] --END-- [ RunTime:0.000557s ]
INFO: Run Behavior\ParseTemplateBehavior [ RunTime:0.021737s ]
INFO: [ view_parse ] --END-- [ RunTime:0.021826s ]
INFO: [ view_filter ] --START--
INFO: Run Behavior\WriteHtmlCacheBehavior [ RunTime:0.000191s ]
INFO: [ view_filter ] --END-- [ RunTime:0.000305s ]
INFO: [ app_end ] --START--
INFO: Run Behavior\ShowPageTraceBehavior [ RunTime:0.000094s ]
INFO: [ app_end ] --END-- [ RunTime:0.000193s ]

[ 2018-01-26T14:20:16+08:00 ] 192.168.4.206 /index.php?m=Home&c=Rescue&a=index
INFO: [ app_init ] --START--
INFO: Run Behavior\BuildLiteBehavior [ RunTime:0.000014s ]
INFO: [ app_init ] --END-- [ RunTime:0.000096s ]
INFO: [ app_begin ] --START--
INFO: Run Behavior\ReadHtmlCacheBehavior [ RunTime:0.000041s ]
INFO: [ app_begin ] --END-- [ RunTime:0.000082s ]
INFO: [ view_parse ] --START--
INFO: [ template_filter ] --START--
INFO: Run Behavior\ContentReplaceBehavior [ RunTime:0.000233s ]
INFO: [ template_filter ] --END-- [ RunTime:0.000307s ]
INFO: Run Behavior\ParseTemplateBehavior [ RunTime:0.015317s ]
INFO: [ view_parse ] --END-- [ RunTime:0.015368s ]
INFO: [ view_filter ] --START--
INFO: Run Behavior\WriteHtmlCacheBehavior [ RunTime:0.000047s ]
INFO: [ view_filter ] --END-- [ RunTime:0.000085s ]
INFO: [ app_end ] --START--
INFO: Run Behavior\ShowPageTraceBehavior [ RunTime:0.000072s ]
INFO: [ app_end ] --END-- [ RunTime:0.000141s ]

[ 2018-01-26T14:20:16+08:00 ] 192.168.4.206 /index.php?m=Home&c=Rescue&a=index
INFO: [ app_init ] --START--
INFO: Run Behavior\BuildLiteBehavior [ RunTime:0.000020s ]
INFO: [ app_init ] --END-- [ RunTime:0.000133s ]
INFO: [ app_begin ] --START--
INFO: Run Behavior\ReadHtmlCacheBehavior [ RunTime:0.000061s ]
INFO: [ app_begin ] --END-- [ RunTime:0.000127s ]
INFO: [ view_parse ] --START--
INFO: [ template_filter ] --START--
INFO: Run Behavior\ContentReplaceBehavior [ RunTime:0.001194s ]
INFO: [ template_filter ] --END-- [ RunTime:0.008973s ]
INFO: Run Behavior\ParseTemplateBehavior [ RunTime:0.033415s ]
INFO: [ view_parse ] --END-- [ RunTime:0.033512s ]
INFO: [ view_filter ] --START--
INFO: Run Behavior\WriteHtmlCacheBehavior [ RunTime:0.000081s ]
INFO: [ view_filter ] --END-- [ RunTime:0.000151s ]

[ 2018-01-26T14:20:16+08:00 ] 192.168.4.206 /index.php?m=Home&c=Rescue&a=index
INFO: [ app_init ] --START--
INFO: Run Behavior\BuildLiteBehavior [ RunTime:0.000020s ]
INFO: [ app_init ] --END-- [ RunTime:0.000135s ]
INFO: [ app_begin ] --START--
INFO: Run Behavior\ReadHtmlCacheBehavior [ RunTime:0.000071s ]
INFO: [ app_begin ] --END-- [ RunTime:0.000145s ]
INFO: [ view_parse ] --START--
INFO: [ template_filter ] --START--
INFO: Run Behavior\ContentReplaceBehavior [ RunTime:0.000236s ]
INFO: [ template_filter ] --END-- [ RunTime:0.000318s ]
INFO: Run Behavior\ParseTemplateBehavior [ RunTime:0.027149s ]
INFO: [ view_parse ] --END-- [ RunTime:0.027235s ]
INFO: [ view_filter ] --START--
INFO: Run Behavior\WriteHtmlCacheBehavior [ RunTime:0.000061s ]
INFO: [ view_filter ] --END-- [ RunTime:0.000099s ]
INFO: [ app_end ] --START--
INFO: Run Behavior\ShowPageTraceBehavior [ RunTime:0.000048s ]
INFO: [ app_end ] --END-- [ RunTime:0.000095s ]

[ 2018-01-26T14:20:16+08:00 ] 192.168.4.206 /index.php?m=Home&c=Rescue&a=index
INFO: [ app_init ] --START--
INFO: Run Behavior\BuildLiteBehavior [ RunTime:0.000013s ]
INFO: [ app_init ] --END-- [ RunTime:0.000090s ]
INFO: [ app_begin ] --START--
INFO: Run Behavior\ReadHtmlCacheBehavior [ RunTime:0.000040s ]
INFO: [ app_begin ] --END-- [ RunTime:0.000080s ]
INFO: [ view_parse ] --START--
INFO: [ template_filter ] --START--
INFO: Run Behavior\ContentReplaceBehavior [ RunTime:0.000228s ]
INFO: [ template_filter ] --END-- [ RunTime:0.000299s ]
INFO: Run Behavior\ParseTemplateBehavior [ RunTime:0.014519s ]
INFO: [ view_parse ] --END-- [ RunTime:0.014585s ]
INFO: [ view_filter ] --START--
INFO: Run Behavior\WriteHtmlCacheBehavior [ RunTime:0.000053s ]
INFO: [ view_filter ] --END-- [ RunTime:0.001596s ]
INFO: [ app_end ] --START--
INFO: Run Behavior\ShowPageTraceBehavior [ RunTime:0.000099s ]
INFO: [ app_end ] --END-- [ RunTime:0.000230s ]

[ 2018-01-26T14:20:20+08:00 ] 192.168.4.206 /index.php?m=Home&c=Rescue&a=index
INFO: [ app_init ] --START--
INFO: Run Behavior\BuildLiteBehavior [ RunTime:0.000027s ]
INFO: [ app_init ] --END-- [ RunTime:0.000205s ]
INFO: [ app_begin ] --START--
INFO: Run Behavior\ReadHtmlCacheBehavior [ RunTime:0.000058s ]
INFO: [ app_begin ] --END-- [ RunTime:0.000116s ]
INFO: [ view_parse ] --START--
INFO: [ template_filter ] --START--
INFO: Run Behavior\ContentReplaceBehavior [ RunTime:0.000213s ]
INFO: [ template_filter ] --END-- [ RunTime:0.000279s ]
INFO: Run Behavior\ParseTemplateBehavior [ RunTime:0.022820s ]
INFO: [ view_parse ] --END-- [ RunTime:0.022902s ]
INFO: [ view_filter ] --START--
INFO: Run Behavior\WriteHtmlCacheBehavior [ RunTime:0.000047s ]
INFO: [ view_filter ] --END-- [ RunTime:0.000085s ]
INFO: [ app_end ] --START--
INFO: Run Behavior\ShowPageTraceBehavior [ RunTime:0.000062s ]
INFO: [ app_end ] --END-- [ RunTime:0.000132s ]

[ 2018-01-26T14:20:21+08:00 ] 192.168.4.206 /index.php?m=Home&c=Rescue&a=index
INFO: [ app_init ] --START--
INFO: Run Behavior\BuildLiteBehavior [ RunTime:0.000017s ]
INFO: [ app_init ] --END-- [ RunTime:0.000147s ]
INFO: [ app_begin ] --START--
INFO: Run Behavior\ReadHtmlCacheBehavior [ RunTime:0.000148s ]
INFO: [ app_begin ] --END-- [ RunTime:0.000225s ]
INFO: [ view_parse ] --START--
INFO: [ template_filter ] --START--
INFO: Run Behavior\ContentReplaceBehavior [ RunTime:0.000311s ]
INFO: [ template_filter ] --END-- [ RunTime:0.000402s ]
INFO: Run Behavior\ParseTemplateBehavior [ RunTime:0.044457s ]
INFO: [ view_parse ] --END-- [ RunTime:0.044697s ]
INFO: [ view_filter ] --START--
INFO: Run Behavior\WriteHtmlCacheBehavior [ RunTime:0.000108s ]
INFO: [ view_filter ] --END-- [ RunTime:0.000186s ]

[ 2018-01-26T14:20:21+08:00 ] 192.168.4.206 /index.php?m=Home&c=Rescue&a=index
INFO: [ app_init ] --START--
INFO: Run Behavior\BuildLiteBehavior [ RunTime:0.000019s ]
INFO: [ app_init ] --END-- [ RunTime:0.000382s ]
INFO: [ app_begin ] --START--
INFO: Run Behavior\ReadHtmlCacheBehavior [ RunTime:0.000114s ]
INFO: [ app_begin ] --END-- [ RunTime:0.000233s ]
INFO: [ view_parse ] --START--
INFO: [ template_filter ] --START--
INFO: Run Behavior\ContentReplaceBehavior [ RunTime:0.000228s ]
INFO: [ template_filter ] --END-- [ RunTime:0.000296s ]
INFO: Run Behavior\ParseTemplateBehavior [ RunTime:0.018127s ]
INFO: [ view_parse ] --END-- [ RunTime:0.018232s ]
INFO: [ view_filter ] --START--
INFO: Run Behavior\WriteHtmlCacheBehavior [ RunTime:0.000079s ]
INFO: [ view_filter ] --END-- [ RunTime:0.000144s ]
INFO: [ app_end ] --START--
INFO: Run Behavior\ShowPageTraceBehavior [ RunTime:0.000064s ]
INFO: [ app_end ] --END-- [ RunTime:0.000122s ]

[ 2018-01-26T14:20:21+08:00 ] 192.168.4.206 /index.php?m=Home&c=Rescue&a=index
INFO: [ app_init ] --START--
INFO: Run Behavior\BuildLiteBehavior [ RunTime:0.000021s ]
INFO: [ app_init ] --END-- [ RunTime:0.000155s ]
INFO: [ app_begin ] --START--
INFO: Run Behavior\ReadHtmlCacheBehavior [ RunTime:0.000058s ]
INFO: [ app_begin ] --END-- [ RunTime:0.000120s ]
INFO: [ view_parse ] --START--
INFO: [ template_filter ] --START--
INFO: Run Behavior\ContentReplaceBehavior [ RunTime:0.000342s ]
INFO: [ template_filter ] --END-- [ RunTime:0.000450s ]
INFO: Run Behavior\ParseTemplateBehavior [ RunTime:0.018897s ]
INFO: [ view_parse ] --END-- [ RunTime:0.018976s ]
INFO: [ view_filter ] --START--
INFO: Run Behavior\WriteHtmlCacheBehavior [ RunTime:0.000087s ]
INFO: [ view_filter ] --END-- [ RunTime:0.000234s ]
INFO: [ app_end ] --START--
INFO: Run Behavior\ShowPageTraceBehavior [ RunTime:0.000091s ]
INFO: [ app_end ] --END-- [ RunTime:0.000248s ]

[ 2018-01-26T14:20:21+08:00 ] 192.168.4.206 /index.php?m=Home&c=Rescue&a=index
INFO: [ app_init ] --START--
INFO: Run Behavior\BuildLiteBehavior [ RunTime:0.000031s ]
INFO: [ app_init ] --END-- [ RunTime:0.000194s ]
INFO: [ app_begin ] --START--
INFO: Run Behavior\ReadHtmlCacheBehavior [ RunTime:0.000100s ]
INFO: [ app_begin ] --END-- [ RunTime:0.000197s ]
INFO: [ view_parse ] --START--
INFO: [ template_filter ] --START--
INFO: Run Behavior\ContentReplaceBehavior [ RunTime:0.000232s ]
INFO: [ template_filter ] --END-- [ RunTime:0.000307s ]
INFO: Run Behavior\ParseTemplateBehavior [ RunTime:0.034090s ]
INFO: [ view_parse ] --END-- [ RunTime:0.034171s ]
INFO: [ view_filter ] --START--
INFO: Run Behavior\WriteHtmlCacheBehavior [ RunTime:0.000060s ]
INFO: [ view_filter ] --END-- [ RunTime:0.000098s ]

[ 2018-01-26T14:20:21+08:00 ] 192.168.4.206 /index.php?m=Home&c=Rescue&a=index
INFO: [ app_init ] --START--
INFO: Run Behavior\BuildLiteBehavior [ RunTime:0.000022s ]
INFO: [ app_init ] --END-- [ RunTime:0.000184s ]
INFO: [ app_begin ] --START--
INFO: Run Behavior\ReadHtmlCacheBehavior [ RunTime:0.000076s ]
INFO: [ app_begin ] --END-- [ RunTime:0.000159s ]
INFO: [ view_parse ] --START--
INFO: [ template_filter ] --START--
INFO: Run Behavior\ContentReplaceBehavior [ RunTime:0.000308s ]
INFO: [ template_filter ] --END-- [ RunTime:0.000687s ]
INFO: Run Behavior\ParseTemplateBehavior [ RunTime:0.024235s ]
INFO: [ view_parse ] --END-- [ RunTime:0.024406s ]
INFO: [ view_filter ] --START--
INFO: Run Behavior\WriteHtmlCacheBehavior [ RunTime:0.000084s ]
INFO: [ view_filter ] --END-- [ RunTime:0.000151s ]
INFO: [ app_end ] --START--
INFO: Run Behavior\ShowPageTraceBehavior [ RunTime:0.000104s ]
INFO: [ app_end ] --END-- [ RunTime:0.000226s ]

[ 2018-01-26T14:20:21+08:00 ] 192.168.4.206 /index.php?m=Home&c=Rescue&a=index
INFO: [ app_init ] --START--
INFO: Run Behavior\BuildLiteBehavior [ RunTime:0.000012s ]
INFO: [ app_init ] --END-- [ RunTime:0.000086s ]
INFO: [ app_begin ] --START--
INFO: Run Behavior\ReadHtmlCacheBehavior [ RunTime:0.000039s ]
INFO: [ app_begin ] --END-- [ RunTime:0.000080s ]
INFO: [ view_parse ] --START--
INFO: [ template_filter ] --START--
INFO: Run Behavior\ContentReplaceBehavior [ RunTime:0.000310s ]
INFO: [ template_filter ] --END-- [ RunTime:0.000422s ]
INFO: Run Behavior\ParseTemplateBehavior [ RunTime:0.017694s ]
INFO: [ view_parse ] --END-- [ RunTime:0.017757s ]
INFO: [ view_filter ] --START--
INFO: Run Behavior\WriteHtmlCacheBehavior [ RunTime:0.000084s ]
INFO: [ view_filter ] --END-- [ RunTime:0.000146s ]
INFO: [ app_end ] --START--
INFO: Run Behavior\ShowPageTraceBehavior [ RunTime:0.000058s ]
INFO: [ app_end ] --END-- [ RunTime:0.000118s ]

[ 2018-01-26T14:20:22+08:00 ] 192.168.4.206 /index.php?m=Home&c=Rescue&a=index
INFO: [ app_init ] --START--
INFO: Run Behavior\BuildLiteBehavior [ RunTime:0.000022s ]
INFO: [ app_init ] --END-- [ RunTime:0.000143s ]
INFO: [ app_begin ] --START--
INFO: Run Behavior\ReadHtmlCacheBehavior [ RunTime:0.000065s ]
INFO: [ app_begin ] --END-- [ RunTime:0.000151s ]
INFO: [ view_parse ] --START--
INFO: [ template_filter ] --START--
INFO: Run Behavior\ContentReplaceBehavior [ RunTime:0.000395s ]
INFO: [ template_filter ] --END-- [ RunTime:0.000531s ]
INFO: Run Behavior\ParseTemplateBehavior [ RunTime:0.047214s ]
INFO: [ view_parse ] --END-- [ RunTime:0.047322s ]
INFO: [ view_filter ] --START--
INFO: Run Behavior\WriteHtmlCacheBehavior [ RunTime:0.000101s ]
INFO: [ view_filter ] --END-- [ RunTime:0.000178s ]

[ 2018-01-26T14:20:22+08:00 ] 192.168.4.206 /index.php?m=Home&c=Rescue&a=index
INFO: [ app_init ] --START--
INFO: Run Behavior\BuildLiteBehavior [ RunTime:0.000035s ]
INFO: [ app_init ] --END-- [ RunTime:0.000317s ]
INFO: [ app_begin ] --START--
INFO: Run Behavior\ReadHtmlCacheBehavior [ RunTime:0.000071s ]
INFO: [ app_begin ] --END-- [ RunTime:0.000143s ]
INFO: [ view_parse ] --START--
INFO: [ template_filter ] --START--
INFO: Run Behavior\ContentReplaceBehavior [ RunTime:0.000372s ]
INFO: [ template_filter ] --END-- [ RunTime:0.000485s ]
INFO: Run Behavior\ParseTemplateBehavior [ RunTime:0.020489s ]
INFO: [ view_parse ] --END-- [ RunTime:0.020570s ]
INFO: [ view_filter ] --START--
INFO: Run Behavior\WriteHtmlCacheBehavior [ RunTime:0.000055s ]
INFO: [ view_filter ] --END-- [ RunTime:0.000093s ]
INFO: [ app_end ] --START--
INFO: Run Behavior\ShowPageTraceBehavior [ RunTime:0.000053s ]
INFO: [ app_end ] --END-- [ RunTime:0.000107s ]

[ 2018-01-26T14:20:22+08:00 ] 192.168.4.206 /index.php?m=Home&c=Rescue&a=index
INFO: [ app_init ] --START--
INFO: Run Behavior\BuildLiteBehavior [ RunTime:0.000018s ]
INFO: [ app_init ] --END-- [ RunTime:0.000131s ]
INFO: [ app_begin ] --START--
INFO: Run Behavior\ReadHtmlCacheBehavior [ RunTime:0.000070s ]
INFO: [ app_begin ] --END-- [ RunTime:0.000144s ]
INFO: [ view_parse ] --START--
INFO: [ template_filter ] --START--
INFO: Run Behavior\ContentReplaceBehavior [ RunTime:0.000266s ]
INFO: [ template_filter ] --END-- [ RunTime:0.000345s ]
INFO: Run Behavior\ParseTemplateBehavior [ RunTime:0.018786s ]
INFO: [ view_parse ] --END-- [ RunTime:0.018857s ]
INFO: [ view_filter ] --START--
INFO: Run Behavior\WriteHtmlCacheBehavior [ RunTime:0.000085s ]
INFO: [ view_filter ] --END-- [ RunTime:0.000138s ]
INFO: [ app_end ] --START--
INFO: Run Behavior\ShowPageTraceBehavior [ RunTime:0.000094s ]
INFO: [ app_end ] --END-- [ RunTime:0.000192s ]

[ 2018-01-26T14:20:27+08:00 ] 192.168.4.206 /index.php?m=Home&c=News&a=index
INFO: [ app_init ] --START--
INFO: Run Behavior\BuildLiteBehavior [ RunTime:0.000018s ]
INFO: [ app_init ] --END-- [ RunTime:0.000155s ]
INFO: [ app_begin ] --START--
INFO: Run Behavior\ReadHtmlCacheBehavior [ RunTime:0.000077s ]
INFO: [ app_begin ] --END-- [ RunTime:0.000157s ]
INFO: [ view_parse ] --START--
INFO: [ template_filter ] --START--
INFO: Run Behavior\ContentReplaceBehavior [ RunTime:0.000175s ]
INFO: [ template_filter ] --END-- [ RunTime:0.000252s ]
INFO: Run Behavior\ParseTemplateBehavior [ RunTime:0.014828s ]
INFO: [ view_parse ] --END-- [ RunTime:0.014885s ]
INFO: [ view_filter ] --START--
INFO: Run Behavior\WriteHtmlCacheBehavior [ RunTime:0.000050s ]
INFO: [ view_filter ] --END-- [ RunTime:0.000085s ]
INFO: [ app_end ] --START--
INFO: Run Behavior\ShowPageTraceBehavior [ RunTime:0.000051s ]
INFO: [ app_end ] --END-- [ RunTime:0.000102s ]

[ 2018-01-26T14:20:33+08:00 ] 192.168.4.206 /index.php?m=Home&c=News&a=index
INFO: [ app_init ] --START--
INFO: Run Behavior\BuildLiteBehavior [ RunTime:0.000023s ]
INFO: [ app_init ] --END-- [ RunTime:0.000173s ]
INFO: [ app_begin ] --START--
INFO: Run Behavior\ReadHtmlCacheBehavior [ RunTime:0.000162s ]
INFO: [ app_begin ] --END-- [ RunTime:0.000319s ]
INFO: [ view_parse ] --START--
INFO: [ template_filter ] --START--
INFO: Run Behavior\ContentReplaceBehavior [ RunTime:0.000183s ]
INFO: [ template_filter ] --END-- [ RunTime:0.000280s ]
INFO: Run Behavior\ParseTemplateBehavior [ RunTime:0.018116s ]
INFO: [ view_parse ] --END-- [ RunTime:0.018192s ]
INFO: [ view_filter ] --START--
INFO: Run Behavior\WriteHtmlCacheBehavior [ RunTime:0.000053s ]
INFO: [ view_filter ] --END-- [ RunTime:0.000097s ]
INFO: [ app_end ] --START--
INFO: Run Behavior\ShowPageTraceBehavior [ RunTime:0.000050s ]
INFO: [ app_end ] --END-- [ RunTime:0.000102s ]

[ 2018-01-26T14:20:33+08:00 ] 192.168.4.206 /index.php?m=Home&c=News&a=index
INFO: [ app_init ] --START--
INFO: Run Behavior\BuildLiteBehavior [ RunTime:0.000018s ]
INFO: [ app_init ] --END-- [ RunTime:0.000156s ]
INFO: [ app_begin ] --START--
INFO: Run Behavior\ReadHtmlCacheBehavior [ RunTime:0.000057s ]
INFO: [ app_begin ] --END-- [ RunTime:0.000115s ]
INFO: [ view_parse ] --START--
INFO: [ template_filter ] --START--
INFO: Run Behavior\ContentReplaceBehavior [ RunTime:0.000242s ]
INFO: [ template_filter ] --END-- [ RunTime:0.000433s ]
INFO: Run Behavior\ParseTemplateBehavior [ RunTime:0.024555s ]
INFO: [ view_parse ] --END-- [ RunTime:0.024753s ]
INFO: [ view_filter ] --START--
INFO: Run Behavior\WriteHtmlCacheBehavior [ RunTime:0.000184s ]
INFO: [ view_filter ] --END-- [ RunTime:0.000308s ]
INFO: [ app_end ] --START--
INFO: Run Behavior\ShowPageTraceBehavior [ RunTime:0.000214s ]
INFO: [ app_end ] --END-- [ RunTime:0.000418s ]

[ 2018-01-26T14:20:33+08:00 ] 192.168.4.206 /index.php?m=Home&c=News&a=index
INFO: [ app_init ] --START--
INFO: Run Behavior\BuildLiteBehavior [ RunTime:0.000040s ]
INFO: [ app_init ] --END-- [ RunTime:0.000160s ]
INFO: [ app_begin ] --START--
INFO: Run Behavior\ReadHtmlCacheBehavior [ RunTime:0.000121s ]
INFO: [ app_begin ] --END-- [ RunTime:0.000194s ]
INFO: [ view_parse ] --START--
INFO: [ template_filter ] --START--
INFO: Run Behavior\ContentReplaceBehavior [ RunTime:0.000217s ]
INFO: [ template_filter ] --END-- [ RunTime:0.000326s ]
INFO: Run Behavior\ParseTemplateBehavior [ RunTime:0.016008s ]
INFO: [ view_parse ] --END-- [ RunTime:0.016103s ]
INFO: [ view_filter ] --START--
INFO: Run Behavior\WriteHtmlCacheBehavior [ RunTime:0.000078s ]
INFO: [ view_filter ] --END-- [ RunTime:0.000149s ]
INFO: [ app_end ] --START--
INFO: Run Behavior\ShowPageTraceBehavior [ RunTime:0.000089s ]
INFO: [ app_end ] --END-- [ RunTime:0.000178s ]

[ 2018-01-26T14:20:34+08:00 ] 192.168.4.206 /index.php?m=Home&c=News&a=index
INFO: [ app_init ] --START--
INFO: Run Behavior\BuildLiteBehavior [ RunTime:0.000018s ]
INFO: [ app_init ] --END-- [ RunTime:0.000127s ]
INFO: [ app_begin ] --START--
INFO: Run Behavior\ReadHtmlCacheBehavior [ RunTime:0.000065s ]
INFO: [ app_begin ] --END-- [ RunTime:0.000135s ]
INFO: [ view_parse ] --START--
INFO: [ template_filter ] --START--
INFO: Run Behavior\ContentReplaceBehavior [ RunTime:0.000206s ]
INFO: [ template_filter ] --END-- [ RunTime:0.000305s ]
INFO: Run Behavior\ParseTemplateBehavior [ RunTime:0.016794s ]
INFO: [ view_parse ] --END-- [ RunTime:0.016860s ]
INFO: [ view_filter ] --START--
INFO: Run Behavior\WriteHtmlCacheBehavior [ RunTime:0.000062s ]
INFO: [ view_filter ] --END-- [ RunTime:0.000137s ]
INFO: [ app_end ] --START--
INFO: Run Behavior\ShowPageTraceBehavior [ RunTime:0.000054s ]
INFO: [ app_end ] --END-- [ RunTime:0.000107s ]

[ 2018-01-26T14:20:34+08:00 ] 192.168.4.206 /index.php?m=Home&c=News&a=index
INFO: [ app_init ] --START--
INFO: Run Behavior\BuildLiteBehavior [ RunTime:0.000017s ]
INFO: [ app_init ] --END-- [ RunTime:0.000125s ]
INFO: [ app_begin ] --START--
INFO: Run Behavior\ReadHtmlCacheBehavior [ RunTime:0.000071s ]
INFO: [ app_begin ] --END-- [ RunTime:0.000147s ]
INFO: [ view_parse ] --START--
INFO: [ template_filter ] --START--
INFO: Run Behavior\ContentReplaceBehavior [ RunTime:0.000225s ]
INFO: [ template_filter ] --END-- [ RunTime:0.000331s ]
INFO: Run Behavior\ParseTemplateBehavior [ RunTime:0.018653s ]
INFO: [ view_parse ] --END-- [ RunTime:0.018804s ]
INFO: [ view_filter ] --START--
INFO: Run Behavior\WriteHtmlCacheBehavior [ RunTime:0.000084s ]
INFO: [ view_filter ] --END-- [ RunTime:0.000144s ]
INFO: [ app_end ] --START--
INFO: Run Behavior\ShowPageTraceBehavior [ RunTime:0.000084s ]
INFO: [ app_end ] --END-- [ RunTime:0.000175s ]

[ 2018-01-26T14:20:34+08:00 ] 192.168.4.206 /index.php?m=Home&c=News&a=index
INFO: [ app_init ] --START--
INFO: Run Behavior\BuildLiteBehavior [ RunTime:0.000021s ]
INFO: [ app_init ] --END-- [ RunTime:0.000144s ]
INFO: [ app_begin ] --START--
INFO: Run Behavior\ReadHtmlCacheBehavior [ RunTime:0.000090s ]
INFO: [ app_begin ] --END-- [ RunTime:0.000164s ]
INFO: [ view_parse ] --START--
INFO: [ template_filter ] --START--
INFO: Run Behavior\ContentReplaceBehavior [ RunTime:0.000234s ]
INFO: [ template_filter ] --END-- [ RunTime:0.000338s ]
INFO: Run Behavior\ParseTemplateBehavior [ RunTime:0.017580s ]
INFO: [ view_parse ] --END-- [ RunTime:0.017679s ]
INFO: [ view_filter ] --START--
INFO: Run Behavior\WriteHtmlCacheBehavior [ RunTime:0.000087s ]
INFO: [ view_filter ] --END-- [ RunTime:0.000158s ]
INFO: [ app_end ] --START--
INFO: Run Behavior\ShowPageTraceBehavior [ RunTime:0.000168s ]
INFO: [ app_end ] --END-- [ RunTime:0.000267s ]

[ 2018-01-26T14:20:34+08:00 ] 192.168.4.206 /index.php?m=Home&c=News&a=index
INFO: [ app_init ] --START--
INFO: Run Behavior\BuildLiteBehavior [ RunTime:0.000041s ]
INFO: [ app_init ] --END-- [ RunTime:0.000222s ]
INFO: [ app_begin ] --START--
INFO: Run Behavior\ReadHtmlCacheBehavior [ RunTime:0.000071s ]
INFO: [ app_begin ] --END-- [ RunTime:0.000153s ]
INFO: [ view_parse ] --START--
INFO: [ template_filter ] --START--
INFO: Run Behavior\ContentReplaceBehavior [ RunTime:0.000210s ]
INFO: [ template_filter ] --END-- [ RunTime:0.000317s ]
INFO: Run Behavior\ParseTemplateBehavior [ RunTime:0.017830s ]
INFO: [ view_parse ] --END-- [ RunTime:0.017919s ]
INFO: [ view_filter ] --START--
INFO: Run Behavior\WriteHtmlCacheBehavior [ RunTime:0.000078s ]
INFO: [ view_filter ] --END-- [ RunTime:0.000145s ]
INFO: [ app_end ] --START--
INFO: Run Behavior\ShowPageTraceBehavior [ RunTime:0.000116s ]
INFO: [ app_end ] --END-- [ RunTime:0.000193s ]

[ 2018-01-26T14:20:34+08:00 ] 192.168.4.206 /index.php?m=Home&c=News&a=index
INFO: [ app_init ] --START--
INFO: Run Behavior\BuildLiteBehavior [ RunTime:0.000015s ]
INFO: [ app_init ] --END-- [ RunTime:0.000100s ]
INFO: [ app_begin ] --START--
INFO: Run Behavior\ReadHtmlCacheBehavior [ RunTime:0.000043s ]
INFO: [ app_begin ] --END-- [ RunTime:0.000084s ]
INFO: [ view_parse ] --START--
INFO: [ template_filter ] --START--
INFO: Run Behavior\ContentReplaceBehavior [ RunTime:0.000154s ]
INFO: [ template_filter ] --END-- [ RunTime:0.000225s ]
INFO: Run Behavior\ParseTemplateBehavior [ RunTime:0.014419s ]
INFO: [ view_parse ] --END-- [ RunTime:0.014475s ]
INFO: [ view_filter ] --START--
INFO: Run Behavior\WriteHtmlCacheBehavior [ RunTime:0.000066s ]
INFO: [ view_filter ] --END-- [ RunTime:0.000153s ]
INFO: [ app_end ] --START--
INFO: Run Behavior\ShowPageTraceBehavior [ RunTime:0.000054s ]
INFO: [ app_end ] --END-- [ RunTime:0.000103s ]

[ 2018-01-26T14:20:35+08:00 ] 192.168.4.206 /index.php?m=Home&c=News&a=index
INFO: [ app_init ] --START--
INFO: Run Behavior\BuildLiteBehavior [ RunTime:0.000020s ]
INFO: [ app_init ] --END-- [ RunTime:0.000142s ]
INFO: [ app_begin ] --START--
INFO: Run Behavior\ReadHtmlCacheBehavior [ RunTime:0.000068s ]
INFO: [ app_begin ] --END-- [ RunTime:0.000140s ]
INFO: [ view_parse ] --START--
INFO: [ template_filter ] --START--
INFO: Run Behavior\ContentReplaceBehavior [ RunTime:0.000153s ]
INFO: [ template_filter ] --END-- [ RunTime:0.000222s ]
INFO: Run Behavior\ParseTemplateBehavior [ RunTime:0.017812s ]
INFO: [ view_parse ] --END-- [ RunTime:0.017879s ]
INFO: [ view_filter ] --START--
INFO: Run Behavior\WriteHtmlCacheBehavior [ RunTime:0.000052s ]
INFO: [ view_filter ] --END-- [ RunTime:0.000089s ]
INFO: [ app_end ] --START--
INFO: Run Behavior\ShowPageTraceBehavior [ RunTime:0.000108s ]
INFO: [ app_end ] --END-- [ RunTime:0.000162s ]

[ 2018-01-26T14:20:35+08:00 ] 192.168.4.206 /index.php?m=Home&c=News&a=index
INFO: [ app_init ] --START--
INFO: Run Behavior\BuildLiteBehavior [ RunTime:0.000021s ]
INFO: [ app_init ] --END-- [ RunTime:0.000143s ]
INFO: [ app_begin ] --START--
INFO: Run Behavior\ReadHtmlCacheBehavior [ RunTime:0.000070s ]
INFO: [ app_begin ] --END-- [ RunTime:0.000141s ]
INFO: [ view_parse ] --START--
INFO: [ template_filter ] --START--
INFO: Run Behavior\ContentReplaceBehavior [ RunTime:0.000224s ]
INFO: [ template_filter ] --END-- [ RunTime:0.000339s ]
INFO: Run Behavior\ParseTemplateBehavior [ RunTime:0.017800s ]
INFO: [ view_parse ] --END-- [ RunTime:0.017902s ]
INFO: [ view_filter ] --START--
INFO: Run Behavior\WriteHtmlCacheBehavior [ RunTime:0.000083s ]
INFO: [ view_filter ] --END-- [ RunTime:0.000155s ]
INFO: [ app_end ] --START--
INFO: Run Behavior\ShowPageTraceBehavior [ RunTime:0.000086s ]
INFO: [ app_end ] --END-- [ RunTime:0.000252s ]

[ 2018-01-26T14:20:35+08:00 ] 192.168.4.206 /index.php?m=Home&c=News&a=index
INFO: [ app_init ] --START--
INFO: Run Behavior\BuildLiteBehavior [ RunTime:0.000019s ]
INFO: [ app_init ] --END-- [ RunTime:0.000138s ]
INFO: [ app_begin ] --START--
INFO: Run Behavior\ReadHtmlCacheBehavior [ RunTime:0.000123s ]
INFO: [ app_begin ] --END-- [ RunTime:0.000238s ]
INFO: [ view_parse ] --START--
INFO: [ template_filter ] --START--
INFO: Run Behavior\ContentReplaceBehavior [ RunTime:0.000152s ]
INFO: [ template_filter ] --END-- [ RunTime:0.000222s ]
INFO: Run Behavior\ParseTemplateBehavior [ RunTime:0.015901s ]
INFO: [ view_parse ] --END-- [ RunTime:0.015985s ]
INFO: [ view_filter ] --START--
INFO: Run Behavior\WriteHtmlCacheBehavior [ RunTime:0.000052s ]
INFO: [ view_filter ] --END-- [ RunTime:0.000092s ]
INFO: [ app_end ] --START--
INFO: Run Behavior\ShowPageTraceBehavior [ RunTime:0.000052s ]
INFO: [ app_end ] --END-- [ RunTime:0.000102s ]

[ 2018-01-26T14:20:35+08:00 ] 192.168.4.206 /index.php?m=Home&c=News&a=index
INFO: [ app_init ] --START--
INFO: Run Behavior\BuildLiteBehavior [ RunTime:0.000023s ]
INFO: [ app_init ] --END-- [ RunTime:0.000232s ]
INFO: [ app_begin ] --START--
INFO: Run Behavior\ReadHtmlCacheBehavior [ RunTime:0.000067s ]
INFO: [ app_begin ] --END-- [ RunTime:0.000135s ]
INFO: [ view_parse ] --START--
INFO: [ template_filter ] --START--
INFO: Run Behavior\ContentReplaceBehavior [ RunTime:0.000212s ]
INFO: [ template_filter ] --END-- [ RunTime:0.000316s ]
INFO: Run Behavior\ParseTemplateBehavior [ RunTime:0.017751s ]
INFO: [ view_parse ] --END-- [ RunTime:0.017856s ]
INFO: [ view_filter ] --START--
INFO: Run Behavior\WriteHtmlCacheBehavior [ RunTime:0.000171s ]
INFO: [ view_filter ] --END-- [ RunTime:0.000246s ]
INFO: [ app_end ] --START--
INFO: Run Behavior\ShowPageTraceBehavior [ RunTime:0.000091s ]
INFO: [ app_end ] --END-- [ RunTime:0.000182s ]

[ 2018-01-26T14:20:35+08:00 ] 192.168.4.206 /index.php?m=Home&c=News&a=index
INFO: [ app_init ] --START--
INFO: Run Behavior\BuildLiteBehavior [ RunTime:0.000049s ]
INFO: [ app_init ] --END-- [ RunTime:0.000252s ]
INFO: [ app_begin ] --START--
INFO: Run Behavior\ReadHtmlCacheBehavior [ RunTime:0.000072s ]
INFO: [ app_begin ] --END-- [ RunTime:0.000195s ]
INFO: [ view_parse ] --START--
INFO: [ template_filter ] --START--
INFO: Run Behavior\ContentReplaceBehavior [ RunTime:0.000222s ]
INFO: [ template_filter ] --END-- [ RunTime:0.000355s ]
INFO: Run Behavior\ParseTemplateBehavior [ RunTime:0.018652s ]
INFO: [ view_parse ] --END-- [ RunTime:0.018754s ]
INFO: [ view_filter ] --START--
INFO: Run Behavior\WriteHtmlCacheBehavior [ RunTime:0.000092s ]
INFO: [ view_filter ] --END-- [ RunTime:0.000160s ]
INFO: [ app_end ] --START--
INFO: Run Behavior\ShowPageTraceBehavior [ RunTime:0.000076s ]
INFO: [ app_end ] --END-- [ RunTime:0.000156s ]

[ 2018-01-26T14:20:36+08:00 ] 192.168.4.206 /index.php?m=Home&c=News&a=index
INFO: [ app_init ] --START--
INFO: Run Behavior\BuildLiteBehavior [ RunTime:0.000022s ]
INFO: [ app_init ] --END-- [ RunTime:0.000716s ]
INFO: [ app_begin ] --START--
INFO: Run Behavior\ReadHtmlCacheBehavior [ RunTime:0.000090s ]
INFO: [ app_begin ] --END-- [ RunTime:0.000137s ]
INFO: [ view_parse ] --START--
INFO: [ template_filter ] --START--
INFO: Run Behavior\ContentReplaceBehavior [ RunTime:0.000283s ]
INFO: [ template_filter ] --END-- [ RunTime:0.000385s ]
INFO: Run Behavior\ParseTemplateBehavior [ RunTime:0.016204s ]
INFO: [ view_parse ] --END-- [ RunTime:0.016334s ]
INFO: [ view_filter ] --START--
INFO: Run Behavior\WriteHtmlCacheBehavior [ RunTime:0.000076s ]
INFO: [ view_filter ] --END-- [ RunTime:0.000141s ]
INFO: [ app_end ] --START--
INFO: Run Behavior\ShowPageTraceBehavior [ RunTime:0.000342s ]
INFO: [ app_end ] --END-- [ RunTime:0.000494s ]

[ 2018-01-26T14:20:36+08:00 ] 192.168.4.206 /index.php?m=Home&c=News&a=index
INFO: [ app_init ] --START--
INFO: Run Behavior\BuildLiteBehavior [ RunTime:0.000018s ]
INFO: [ app_init ] --END-- [ RunTime:0.000155s ]
INFO: [ app_begin ] --START--
INFO: Run Behavior\ReadHtmlCacheBehavior [ RunTime:0.000068s ]
INFO: [ app_begin ] --END-- [ RunTime:0.000170s ]
INFO: [ view_parse ] --START--
INFO: [ template_filter ] --START--
INFO: Run Behavior\ContentReplaceBehavior [ RunTime:0.000219s ]
INFO: [ template_filter ] --END-- [ RunTime:0.000337s ]
INFO: Run Behavior\ParseTemplateBehavior [ RunTime:0.018665s ]
INFO: [ view_parse ] --END-- [ RunTime:0.018762s ]
INFO: [ view_filter ] --START--
INFO: Run Behavior\WriteHtmlCacheBehavior [ RunTime:0.000093s ]
INFO: [ view_filter ] --END-- [ RunTime:0.000162s ]
INFO: [ app_end ] --START--
INFO: Run Behavior\ShowPageTraceBehavior [ RunTime:0.000097s ]
INFO: [ app_end ] --END-- [ RunTime:0.000213s ]

[ 2018-01-26T14:20:36+08:00 ] 192.168.4.206 /index.php?m=Home&c=News&a=index
INFO: [ app_init ] --START--
INFO: Run Behavior\BuildLiteBehavior [ RunTime:0.000013s ]
INFO: [ app_init ] --END-- [ RunTime:0.000112s ]
INFO: [ app_begin ] --START--
INFO: Run Behavior\ReadHtmlCacheBehavior [ RunTime:0.000100s ]
INFO: [ app_begin ] --END-- [ RunTime:0.000169s ]
INFO: [ view_parse ] --START--
INFO: [ template_filter ] --START--
INFO: Run Behavior\ContentReplaceBehavior [ RunTime:0.000182s ]
INFO: [ template_filter ] --END-- [ RunTime:0.000253s ]
INFO: Run Behavior\ParseTemplateBehavior [ RunTime:0.015600s ]
INFO: [ view_parse ] --END-- [ RunTime:0.015655s ]
INFO: [ view_filter ] --START--
INFO: Run Behavior\WriteHtmlCacheBehavior [ RunTime:0.000053s ]
INFO: [ view_filter ] --END-- [ RunTime:0.000091s ]
INFO: [ app_end ] --START--
INFO: Run Behavior\ShowPageTraceBehavior [ RunTime:0.000049s ]
INFO: [ app_end ] --END-- [ RunTime:0.000136s ]

[ 2018-01-26T14:21:15+08:00 ] 192.168.4.206 /index.php?m=Home&c=News&a=index
INFO: [ app_init ] --START--
INFO: Run Behavior\BuildLiteBehavior [ RunTime:0.000023s ]
INFO: [ app_init ] --END-- [ RunTime:0.000170s ]
INFO: [ app_begin ] --START--
INFO: Run Behavior\ReadHtmlCacheBehavior [ RunTime:0.000085s ]
INFO: [ app_begin ] --END-- [ RunTime:0.000173s ]
INFO: [ view_parse ] --START--
INFO: [ template_filter ] --START--
INFO: Run Behavior\ContentReplaceBehavior [ RunTime:0.000192s ]
INFO: [ template_filter ] --END-- [ RunTime:0.000341s ]
INFO: Run Behavior\ParseTemplateBehavior [ RunTime:0.015724s ]
INFO: [ view_parse ] --END-- [ RunTime:0.015820s ]
INFO: [ view_filter ] --START--
INFO: Run Behavior\WriteHtmlCacheBehavior [ RunTime:0.000086s ]
INFO: [ view_filter ] --END-- [ RunTime:0.000152s ]
INFO: [ app_end ] --START--
INFO: Run Behavior\ShowPageTraceBehavior [ RunTime:0.000051s ]
INFO: [ app_end ] --END-- [ RunTime:0.000130s ]

[ 2018-01-26T14:21:48+08:00 ] 192.168.4.206 /index.php?m=Home&c=Contact&a=index
INFO: [ app_init ] --START--
INFO: Run Behavior\BuildLiteBehavior [ RunTime:0.000015s ]
INFO: [ app_init ] --END-- [ RunTime:0.000117s ]
INFO: [ app_begin ] --START--
INFO: Run Behavior\ReadHtmlCacheBehavior [ RunTime:0.000087s ]
INFO: [ app_begin ] --END-- [ RunTime:0.000180s ]
INFO: [ view_parse ] --START--
INFO: [ template_filter ] --START--
INFO: Run Behavior\ContentReplaceBehavior [ RunTime:0.000191s ]
INFO: [ template_filter ] --END-- [ RunTime:0.000289s ]
INFO: Run Behavior\ParseTemplateBehavior [ RunTime:0.011191s ]
INFO: [ view_parse ] --END-- [ RunTime:0.011281s ]
INFO: [ view_filter ] --START--
INFO: Run Behavior\WriteHtmlCacheBehavior [ RunTime:0.000087s ]
INFO: [ view_filter ] --END-- [ RunTime:0.000218s ]
INFO: [ app_end ] --START--
INFO: Run Behavior\ShowPageTraceBehavior [ RunTime:0.000108s ]
INFO: [ app_end ] --END-- [ RunTime:0.000214s ]

[ 2018-01-26T14:21:48+08:00 ] 192.168.4.206 /index.php?m=Home&c=Rescue&a=index
INFO: [ app_init ] --START--
INFO: Run Behavior\BuildLiteBehavior [ RunTime:0.000096s ]
INFO: [ app_init ] --END-- [ RunTime:0.000230s ]
INFO: [ app_begin ] --START--
INFO: Run Behavior\ReadHtmlCacheBehavior [ RunTime:0.000094s ]
INFO: [ app_begin ] --END-- [ RunTime:0.000172s ]
INFO: [ view_parse ] --START--
INFO: [ template_filter ] --START--
INFO: Run Behavior\ContentReplaceBehavior [ RunTime:0.000227s ]
INFO: [ template_filter ] --END-- [ RunTime:0.000299s ]
INFO: Run Behavior\ParseTemplateBehavior [ RunTime:0.015825s ]
INFO: [ view_parse ] --END-- [ RunTime:0.015887s ]
INFO: [ view_filter ] --START--
INFO: Run Behavior\WriteHtmlCacheBehavior [ RunTime:0.000045s ]
INFO: [ view_filter ] --END-- [ RunTime:0.000080s ]
INFO: [ app_end ] --START--
INFO: Run Behavior\ShowPageTraceBehavior [ RunTime:0.000041s ]
INFO: [ app_end ] --END-- [ RunTime:0.000086s ]

[ 2018-01-26T14:22:39+08:00 ] 192.168.4.206 /index.php?m=Home&c=Rescue&a=index
INFO: [ app_init ] --START--
INFO: Run Behavior\BuildLiteBehavior [ RunTime:0.000011s ]
INFO: [ app_init ] --END-- [ RunTime:0.000081s ]
INFO: [ app_begin ] --START--
INFO: Run Behavior\ReadHtmlCacheBehavior [ RunTime:0.000056s ]
INFO: [ app_begin ] --END-- [ RunTime:0.000098s ]
INFO: [ view_parse ] --START--
INFO: [ template_filter ] --START--
INFO: Run Behavior\ContentReplaceBehavior [ RunTime:0.000228s ]
INFO: [ template_filter ] --END-- [ RunTime:0.000300s ]
INFO: Run Behavior\ParseTemplateBehavior [ RunTime:0.015828s ]
INFO: [ view_parse ] --END-- [ RunTime:0.015883s ]
INFO: [ view_filter ] --START--
INFO: Run Behavior\WriteHtmlCacheBehavior [ RunTime:0.000046s ]
INFO: [ view_filter ] --END-- [ RunTime:0.000081s ]
INFO: [ app_end ] --START--
INFO: Run Behavior\ShowPageTraceBehavior [ RunTime:0.000041s ]
INFO: [ app_end ] --END-- [ RunTime:0.000083s ]

[ 2018-01-26T14:26:08+08:00 ] 192.168.4.206 /index.php?m=Home&c=Rescue&a=index
INFO: [ app_init ] --START--
INFO: Run Behavior\BuildLiteBehavior [ RunTime:0.000020s ]
INFO: [ app_init ] --END-- [ RunTime:0.000152s ]
INFO: [ app_begin ] --START--
INFO: Run Behavior\ReadHtmlCacheBehavior [ RunTime:0.000072s ]
INFO: [ app_begin ] --END-- [ RunTime:0.000187s ]
INFO: [ view_parse ] --START--
INFO: [ template_filter ] --START--
INFO: Run Behavior\ContentReplaceBehavior [ RunTime:0.000320s ]
INFO: [ template_filter ] --END-- [ RunTime:0.000400s ]
NOTIC: [2] file_put_contents(./Application/Runtime/Cache/Home/23660a3842d664b937cad435b9f3fa26.php): failed to open stream: Permission denied /www/ThinkPHP/Library/Think/Storage/Driver/File.class.php 第 47 行.
ERR: _STORAGE_WRITE_ERROR_:./Application/Runtime/Cache/Home/23660a3842d664b937cad435b9f3fa26.php

[ 2018-01-26T14:26:30+08:00 ] 192.168.4.206 /index.php?m=Home&c=Rescue&a=index
INFO: [ app_init ] --START--
INFO: Run Behavior\BuildLiteBehavior [ RunTime:0.000019s ]
INFO: [ app_init ] --END-- [ RunTime:0.000143s ]
INFO: [ app_begin ] --START--
INFO: Run Behavior\ReadHtmlCacheBehavior [ RunTime:0.000066s ]
INFO: [ app_begin ] --END-- [ RunTime:0.000140s ]
INFO: [ view_parse ] --START--
INFO: [ template_filter ] --START--
INFO: Run Behavior\ContentReplaceBehavior [ RunTime:0.000227s ]
INFO: [ template_filter ] --END-- [ RunTime:0.000296s ]
INFO: Run Behavior\ParseTemplateBehavior [ RunTime:0.035018s ]
INFO: [ view_parse ] --END-- [ RunTime:0.035112s ]
INFO: [ view_filter ] --START--
INFO: Run Behavior\WriteHtmlCacheBehavior [ RunTime:0.000051s ]
INFO: [ view_filter ] --END-- [ RunTime:0.000090s ]
INFO: [ app_end ] --START--
INFO: Run Behavior\ShowPageTraceBehavior [ RunTime:0.000121s ]
INFO: [ app_end ] --END-- [ RunTime:0.000206s ]

[ 2018-01-26T14:26:32+08:00 ] 192.168.4.206 /index.php?m=Home&c=Ophtha&a=index
INFO: [ app_init ] --START--
INFO: Run Behavior\BuildLiteBehavior [ RunTime:0.000021s ]
INFO: [ app_init ] --END-- [ RunTime:0.000152s ]
INFO: [ app_begin ] --START--
INFO: Run Behavior\ReadHtmlCacheBehavior [ RunTime:0.000221s ]
INFO: [ app_begin ] --END-- [ RunTime:0.000309s ]
INFO: [ view_parse ] --START--
INFO: [ template_filter ] --START--
INFO: Run Behavior\ContentReplaceBehavior [ RunTime:0.000150s ]
INFO: [ template_filter ] --END-- [ RunTime:0.000220s ]
INFO: Run Behavior\ParseTemplateBehavior [ RunTime:0.014505s ]
INFO: [ view_parse ] --END-- [ RunTime:0.014604s ]
INFO: [ view_filter ] --START--
INFO: Run Behavior\WriteHtmlCacheBehavior [ RunTime:0.000079s ]
INFO: [ view_filter ] --END-- [ RunTime:0.000142s ]
INFO: [ app_end ] --START--
INFO: Run Behavior\ShowPageTraceBehavior [ RunTime:0.000071s ]
INFO: [ app_end ] --END-- [ RunTime:0.000144s ]

[ 2018-01-26T14:26:54+08:00 ] 192.168.4.206 /index.php?m=Home&c=News&a=index
INFO: [ app_init ] --START--
INFO: Run Behavior\BuildLiteBehavior [ RunTime:0.000016s ]
INFO: [ app_init ] --END-- [ RunTime:0.000102s ]
INFO: [ app_begin ] --START--
INFO: Run Behavior\ReadHtmlCacheBehavior [ RunTime:0.000084s ]
INFO: [ app_begin ] --END-- [ RunTime:0.000183s ]
INFO: [ view_parse ] --START--
INFO: [ template_filter ] --START--
INFO: Run Behavior\ContentReplaceBehavior [ RunTime:0.000327s ]
INFO: [ template_filter ] --END-- [ RunTime:0.000443s ]
INFO: Run Behavior\ParseTemplateBehavior [ RunTime:0.016159s ]
INFO: [ view_parse ] --END-- [ RunTime:0.016225s ]
INFO: [ view_filter ] --START--
INFO: Run Behavior\WriteHtmlCacheBehavior [ RunTime:0.000054s ]
INFO: [ view_filter ] --END-- [ RunTime:0.000098s ]
INFO: [ app_end ] --START--
INFO: Run Behavior\ShowPageTraceBehavior [ RunTime:0.000051s ]
INFO: [ app_end ] --END-- [ RunTime:0.000104s ]

[ 2018-01-26T15:13:01+08:00 ] 192.168.4.206 /index.php?m=Home&c=Ophtha&a=index
INFO: [ app_init ] --START--
INFO: Run Behavior\BuildLiteBehavior [ RunTime:0.000015s ]
INFO: [ app_init ] --END-- [ RunTime:0.000329s ]
INFO: [ app_begin ] --START--
INFO: Run Behavior\ReadHtmlCacheBehavior [ RunTime:0.000525s ]
INFO: [ app_begin ] --END-- [ RunTime:0.000578s ]
NOTIC: [8] Use of undefined constant eye_category - assumed 'eye_category' /www/Application/Home/Controller/OphthaController.class.php 第 7 行.
SQL: SHOW COLUMNS FROM `eye_category` [ RunTime:0.0004s ]
SQL: SELECT * FROM `eye_category` WHERE ( category_sid = 0 ) ORDER BY category_num  [ RunTime:0.0001s ]
SQL: SHOW COLUMNS FROM `eye_tag` [ RunTime:0.0003s ]
SQL: SELECT * FROM `eye_tag` WHERE ( tag_sid = 0 ) ORDER BY tag_num  [ RunTime:0.0001s ]
SQL: SHOW COLUMNS FROM `eye_medart` [ RunTime:0.0004s ]
SQL: SELECT `medart_id`,`medart_title`,`medart_pic`,`medart_time` FROM `eye_medart` ORDER BY medart_reading desc LIMIT 2   [ RunTime:0.0001s ]
SQL: SELECT `medart_id`,`medart_title`,`medart_time`,`medart_pic` FROM `eye_medart` ORDER BY medart_time  [ RunTime:0.0001s ]
NOTIC: [8] Undefined index: p /www/Application/Home/Controller/OphthaController.class.php 第 35 行.
SQL: SELECT * FROM `eye_medart` ORDER BY medart_time LIMIT 0,5   [ RunTime:0.0001s ]
SQL: SELECT COUNT(*) AS tp_count FROM `eye_medart` LIMIT 1   [ RunTime:0.0001s ]
INFO: [ view_parse ] --START--
INFO: [ template_filter ] --START--
INFO: Run Behavior\ContentReplaceBehavior [ RunTime:0.000115s ]
INFO: [ template_filter ] --END-- [ RunTime:0.000176s ]
NOTIC: [8] Undefined index: eye_uid /www/Application/Runtime/Cache/Home/51769fd896eae158a85f485f78b6cd74.php 第 57 行.
NOTIC: [8] Undefined index: expert_id /www/Application/Runtime/Cache/Home/51769fd896eae158a85f485f78b6cd74.php 第 64 行.
NOTIC: [8] Undefined index: company_id /www/Application/Runtime/Cache/Home/51769fd896eae158a85f485f78b6cd74.php 第 71 行.
INFO: Run Behavior\ParseTemplateBehavior [ RunTime:0.017702s ]
INFO: [ view_parse ] --END-- [ RunTime:0.017761s ]
INFO: [ view_filter ] --START--
INFO: Run Behavior\WriteHtmlCacheBehavior [ RunTime:0.000156s ]
INFO: [ view_filter ] --END-- [ RunTime:0.000197s ]
INFO: [ app_end ] --START--
INFO: Run Behavior\ShowPageTraceBehavior [ RunTime:0.000400s ]
INFO: [ app_end ] --END-- [ RunTime:0.000449s ]

[ 2018-01-26T15:13:02+08:00 ] 192.168.4.206 /index.php?m=Home&c=Ophtha&a=index
INFO: [ app_init ] --START--
INFO: Run Behavior\BuildLiteBehavior [ RunTime:0.000026s ]
INFO: [ app_init ] --END-- [ RunTime:0.000166s ]
INFO: [ app_begin ] --START--
INFO: Run Behavior\ReadHtmlCacheBehavior [ RunTime:0.000185s ]
INFO: [ app_begin ] --END-- [ RunTime:0.000282s ]
NOTIC: [8] Use of undefined constant eye_category - assumed 'eye_category' /www/Application/Home/Controller/OphthaController.class.php 第 7 行.
SQL: SHOW COLUMNS FROM `eye_category` [ RunTime:0.0008s ]
SQL: SELECT * FROM `eye_category` WHERE ( category_sid = 0 ) ORDER BY category_num  [ RunTime:0.0001s ]
SQL: SHOW COLUMNS FROM `eye_tag` [ RunTime:0.0004s ]
SQL: SELECT * FROM `eye_tag` WHERE ( tag_sid = 0 ) ORDER BY tag_num  [ RunTime:0.0001s ]
SQL: SHOW COLUMNS FROM `eye_medart` [ RunTime:0.0003s ]
SQL: SELECT `medart_id`,`medart_title`,`medart_pic`,`medart_time` FROM `eye_medart` ORDER BY medart_reading desc LIMIT 2   [ RunTime:0.0001s ]
SQL: SELECT `medart_id`,`medart_title`,`medart_time`,`medart_pic` FROM `eye_medart` ORDER BY medart_time  [ RunTime:0.0001s ]
NOTIC: [8] Undefined index: p /www/Application/Home/Controller/OphthaController.class.php 第 35 行.
SQL: SELECT * FROM `eye_medart` ORDER BY medart_time LIMIT 0,5   [ RunTime:0.0001s ]
SQL: SELECT COUNT(*) AS tp_count FROM `eye_medart` LIMIT 1   [ RunTime:0.0001s ]
INFO: [ view_parse ] --START--
INFO: [ template_filter ] --START--
INFO: Run Behavior\ContentReplaceBehavior [ RunTime:0.000135s ]
INFO: [ template_filter ] --END-- [ RunTime:0.000207s ]
NOTIC: [8] Undefined index: eye_uid /www/Application/Runtime/Cache/Home/51769fd896eae158a85f485f78b6cd74.php 第 57 行.
NOTIC: [8] Undefined index: expert_id /www/Application/Runtime/Cache/Home/51769fd896eae158a85f485f78b6cd74.php 第 64 行.
NOTIC: [8] Undefined index: company_id /www/Application/Runtime/Cache/Home/51769fd896eae158a85f485f78b6cd74.php 第 71 行.
INFO: Run Behavior\ParseTemplateBehavior [ RunTime:0.017685s ]
INFO: [ view_parse ] --END-- [ RunTime:0.017739s ]
INFO: [ view_filter ] --START--
INFO: Run Behavior\WriteHtmlCacheBehavior [ RunTime:0.000053s ]
INFO: [ view_filter ] --END-- [ RunTime:0.000097s ]
INFO: [ app_end ] --START--
INFO: Run Behavior\ShowPageTraceBehavior [ RunTime:0.000053s ]
INFO: [ app_end ] --END-- [ RunTime:0.000107s ]

[ 2018-01-26T15:13:05+08:00 ] 192.168.4.206 /index.php?m=Home&c=History&a=index
INFO: [ app_init ] --START--
INFO: Run Behavior\BuildLiteBehavior [ RunTime:0.000079s ]
INFO: [ app_init ] --END-- [ RunTime:0.000217s ]
INFO: [ app_begin ] --START--
INFO: Run Behavior\ReadHtmlCacheBehavior [ RunTime:0.000053s ]
INFO: [ app_begin ] --END-- [ RunTime:0.000110s ]
SQL: SHOW COLUMNS FROM `eye_hisart` [ RunTime:0.0006s ]
SQL: SELECT `his_id`,`his_title`,`his_time`,`his_pic` FROM `eye_hisart` ORDER BY his_time  [ RunTime:0.0001s ]
SQL: SELECT COUNT(*) AS tp_count FROM `eye_hisart` LIMIT 1   [ RunTime:0.0001s ]
SQL: SELECT * FROM `eye_hisart` ORDER BY his_time LIMIT 0,5   [ RunTime:0.0001s ]
INFO: [ view_parse ] --START--
INFO: [ template_filter ] --START--
INFO: Run Behavior\ContentReplaceBehavior [ RunTime:0.000131s ]
INFO: [ template_filter ] --END-- [ RunTime:0.000266s ]
NOTIC: [8] Undefined index: eye_uid /www/Application/Runtime/Cache/Home/5de331b8b8f71a2c45e8e961f6adbf7e.php 第 57 行.
NOTIC: [8] Undefined index: expert_id /www/Application/Runtime/Cache/Home/5de331b8b8f71a2c45e8e961f6adbf7e.php 第 64 行.
NOTIC: [8] Undefined index: company_id /www/Application/Runtime/Cache/Home/5de331b8b8f71a2c45e8e961f6adbf7e.php 第 71 行.
INFO: Run Behavior\ParseTemplateBehavior [ RunTime:0.012841s ]
INFO: [ view_parse ] --END-- [ RunTime:0.012901s ]
INFO: [ view_filter ] --START--
INFO: Run Behavior\WriteHtmlCacheBehavior [ RunTime:0.000056s ]
INFO: [ view_filter ] --END-- [ RunTime:0.000100s ]
INFO: [ app_end ] --START--
INFO: Run Behavior\ShowPageTraceBehavior [ RunTime:0.000056s ]
INFO: [ app_end ] --END-- [ RunTime:0.000110s ]

[ 2018-01-26T15:13:08+08:00 ] 192.168.4.206 /index.php?m=Home&c=Rescue&a=index
INFO: [ app_init ] --START--
INFO: Run Behavior\BuildLiteBehavior [ RunTime:0.000023s ]
INFO: [ app_init ] --END-- [ RunTime:0.000167s ]
INFO: [ app_begin ] --START--
INFO: Run Behavior\ReadHtmlCacheBehavior [ RunTime:0.000067s ]
INFO: [ app_begin ] --END-- [ RunTime:0.000134s ]
SQL: SHOW COLUMNS FROM `eye_rescue` [ RunTime:0.0005s ]
SQL: SELECT `rescue_id`,`rescue_title`,`rescue_source`,`rescue_pic`,`rescue_appeal`,`rescue_offer`,`rescue_rate` FROM `eye_rescue` ORDER BY rescue_time desc  [ RunTime:0.0001s ]
INFO: [ view_parse ] --START--
INFO: [ template_filter ] --START--
INFO: Run Behavior\ContentReplaceBehavior [ RunTime:0.000209s ]
INFO: [ template_filter ] --END-- [ RunTime:0.000304s ]
NOTIC: [8] Undefined index: eye_uid /www/Application/Runtime/Cache/Home/23660a3842d664b937cad435b9f3fa26.php 第 51 行.
NOTIC: [8] Undefined index: expert_id /www/Application/Runtime/Cache/Home/23660a3842d664b937cad435b9f3fa26.php 第 58 行.
NOTIC: [8] Undefined index: company_id /www/Application/Runtime/Cache/Home/23660a3842d664b937cad435b9f3fa26.php 第 65 行.
INFO: Run Behavior\ParseTemplateBehavior [ RunTime:0.017415s ]
INFO: [ view_parse ] --END-- [ RunTime:0.017469s ]
INFO: [ view_filter ] --START--
INFO: Run Behavior\WriteHtmlCacheBehavior [ RunTime:0.000057s ]
INFO: [ view_filter ] --END-- [ RunTime:0.000100s ]
INFO: [ app_end ] --START--
INFO: Run Behavior\ShowPageTraceBehavior [ RunTime:0.000049s ]
INFO: [ app_end ] --END-- [ RunTime:0.000098s ]

[ 2018-01-26T16:00:08+08:00 ] 192.168.4.206 /index.php?m=Home&c=News&a=index
INFO: [ app_init ] --START--
INFO: Run Behavior\BuildLiteBehavior [ RunTime:0.000012s ]
INFO: [ app_init ] --END-- [ RunTime:0.000091s ]
INFO: [ app_begin ] --START--
INFO: Run Behavior\ReadHtmlCacheBehavior [ RunTime:0.000042s ]
INFO: [ app_begin ] --END-- [ RunTime:0.000086s ]
NOTIC: [8] Use of undefined constant eye_category - assumed 'eye_category' /www/Application/Home/Controller/NewsController.class.php 第 7 行.
SQL: SHOW COLUMNS FROM `eye_category` [ RunTime:0.0006s ]
SQL: SELECT * FROM `eye_category` WHERE ( category_sid = 1 ) ORDER BY category_num  [ RunTime:0.0001s ]
SQL: SHOW COLUMNS FROM `eye_tag` [ RunTime:0.0004s ]
SQL: SELECT * FROM `eye_tag` WHERE ( tag_sid = 1 ) ORDER BY tag_num  [ RunTime:0.0001s ]
SQL: SHOW COLUMNS FROM `eye_newsart` [ RunTime:0.0006s ]
SQL: SELECT `newsart_title`,`newsart_pic`,`newsart_time` FROM `eye_newsart` ORDER BY newsart_reading desc LIMIT 2   [ RunTime:0.0001s ]
SQL: SELECT * FROM `eye_newsart` ORDER BY newsart_time  [ RunTime:0.0001s ]
INFO: [ view_parse ] --START--
INFO: [ template_filter ] --START--
INFO: Run Behavior\ContentReplaceBehavior [ RunTime:0.000107s ]
INFO: [ template_filter ] --END-- [ RunTime:0.000170s ]
NOTIC: [8] Undefined index: eye_uid /www/Application/Runtime/Cache/Home/3e24b471de08a8366f7660bb176a5e74.php 第 57 行.
NOTIC: [8] Undefined index: expert_id /www/Application/Runtime/Cache/Home/3e24b471de08a8366f7660bb176a5e74.php 第 64 行.
NOTIC: [8] Undefined index: company_id /www/Application/Runtime/Cache/Home/3e24b471de08a8366f7660bb176a5e74.php 第 71 行.
INFO: Run Behavior\ParseTemplateBehavior [ RunTime:0.016397s ]
INFO: [ view_parse ] --END-- [ RunTime:0.016453s ]
INFO: [ view_filter ] --START--
INFO: Run Behavior\WriteHtmlCacheBehavior [ RunTime:0.000056s ]
INFO: [ view_filter ] --END-- [ RunTime:0.000094s ]
INFO: [ app_end ] --START--
INFO: Run Behavior\ShowPageTraceBehavior [ RunTime:0.000179s ]
INFO: [ app_end ] --END-- [ RunTime:0.000267s ]

[ 2018-01-26T16:00:09+08:00 ] 192.168.4.206 /index.php?m=Home&c=Ophtha&a=index
INFO: [ app_init ] --START--
INFO: Run Behavior\BuildLiteBehavior [ RunTime:0.000030s ]
INFO: [ app_init ] --END-- [ RunTime:0.000218s ]
INFO: [ app_begin ] --START--
INFO: Run Behavior\ReadHtmlCacheBehavior [ RunTime:0.000043s ]
INFO: [ app_begin ] --END-- [ RunTime:0.000085s ]
NOTIC: [8] Use of undefined constant eye_category - assumed 'eye_category' /www/Application/Home/Controller/OphthaController.class.php 第 7 行.
SQL: SHOW COLUMNS FROM `eye_category` [ RunTime:0.0004s ]
SQL: SELECT * FROM `eye_category` WHERE ( category_sid = 0 ) ORDER BY category_num  [ RunTime:0.0001s ]
SQL: SHOW COLUMNS FROM `eye_tag` [ RunTime:0.0003s ]
SQL: SELECT * FROM `eye_tag` WHERE ( tag_sid = 0 ) ORDER BY tag_num  [ RunTime:0.0001s ]
SQL: SHOW COLUMNS FROM `eye_medart` [ RunTime:0.0003s ]
SQL: SELECT `medart_id`,`medart_title`,`medart_pic`,`medart_time` FROM `eye_medart` ORDER BY medart_reading desc LIMIT 2   [ RunTime:0.0001s ]
SQL: SELECT `medart_id`,`medart_title`,`medart_time`,`medart_pic` FROM `eye_medart` ORDER BY medart_time  [ RunTime:0.0001s ]
NOTIC: [8] Undefined index: p /www/Application/Home/Controller/OphthaController.class.php 第 35 行.
SQL: SELECT * FROM `eye_medart` ORDER BY medart_time LIMIT 0,5   [ RunTime:0.0001s ]
SQL: SELECT COUNT(*) AS tp_count FROM `eye_medart` LIMIT 1   [ RunTime:0.0001s ]
INFO: [ view_parse ] --START--
INFO: [ template_filter ] --START--
INFO: Run Behavior\ContentReplaceBehavior [ RunTime:0.000117s ]
INFO: [ template_filter ] --END-- [ RunTime:0.000175s ]
NOTIC: [8] Undefined index: eye_uid /www/Application/Runtime/Cache/Home/51769fd896eae158a85f485f78b6cd74.php 第 57 行.
NOTIC: [8] Undefined index: expert_id /www/Application/Runtime/Cache/Home/51769fd896eae158a85f485f78b6cd74.php 第 64 行.
NOTIC: [8] Undefined index: company_id /www/Application/Runtime/Cache/Home/51769fd896eae158a85f485f78b6cd74.php 第 71 行.
INFO: Run Behavior\ParseTemplateBehavior [ RunTime:0.014354s ]
INFO: [ view_parse ] --END-- [ RunTime:0.014421s ]
INFO: [ view_filter ] --START--
INFO: Run Behavior\WriteHtmlCacheBehavior [ RunTime:0.000046s ]
INFO: [ view_filter ] --END-- [ RunTime:0.000090s ]
INFO: [ app_end ] --START--
INFO: Run Behavior\ShowPageTraceBehavior [ RunTime:0.000040s ]
INFO: [ app_end ] --END-- [ RunTime:0.000081s ]

